# JRE version: OpenJDK Runtime Environment Temurin-17.0.7+7 (17.0.7+7) (build 17.0.7+7)
# Java VM: OpenJDK 64-Bit Server VM Temurin-17.0.7+7 (17.0.7+7, mixed mode, emulated-client, tiered, compressed oops, compressed class ptrs, g1 gc, windows-amd64)
GC Precious Log:
 CPUs: 8 total, 8 available
 Memory: 7844M
 Large Page Support: Disabled
 NUMA Support: Disabled
 Compressed Oops: Enabled (32-bit)
 Heap Region Size: 1M
 Heap Min Capacity: 8M
 Heap Initial Capacity: 124M
 Heap Max Capacity: 1G
 Pre-touch: Disabled
 Parallel Workers: 8
 Concurrent Workers: 2
 Concurrent Refinement Workers: 8
 Periodic GC: Disabled
Heap:
 garbage-first heap   total 311296K, used 108342K [0x00000000c0000000, 0x0000000100000000)
  region size 1024K, 11 young (11264K), 11 survivors (11264K)
 Metaspace       used 54390K, committed 54848K, reserved 1114112K
  class space    used 6918K, committed 7104K, reserved 1048576K
GC Heap History (20 events):
Event: 4.010 GC heap after
{Heap after GC invocations=13 (full 0):
 garbage-first heap   total 105472K, used 39383K [0x00000000c0000000, 0x0000000100000000)
  region size 1024K, 3 young (3072K), 3 survivors (3072K)
 Metaspace       used 40257K, committed 40704K, reserved 1114112K
  class space    used 5254K, committed 5440K, reserved 1048576K
}
Event: 4.127 GC heap before
{Heap before GC invocations=14 (full 0):
 garbage-first heap   total 105472K, used 75223K [0x00000000c0000000, 0x0000000100000000)
  region size 1024K, 38 young (38912K), 3 survivors (3072K)
 Metaspace       used 41251K, committed 41728K, reserved 1114112K
  class space    used 5349K, committed 5568K, reserved 1048576K
}
Event: 4.133 GC heap after
{Heap after GC invocations=15 (full 0):
 garbage-first heap   total 105472K, used 45038K [0x00000000c0000000, 0x0000000100000000)
  region size 1024K, 5 young (5120K), 5 survivors (5120K)
 Metaspace       used 41251K, committed 41728K, reserved 1114112K
  class space    used 5349K, committed 5568K, reserved 1048576K
}
Event: 4.135 GC heap before
{Heap before GC invocations=15 (full 0):
 garbage-first heap   total 105472K, used 46062K [0x00000000c0000000, 0x0000000100000000)
  region size 1024K, 6 young (6144K), 5 survivors (5120K)
 Metaspace       used 41263K, committed 41728K, reserved 1114112K
  class space    used 5350K, committed 5568K, reserved 1048576K
}
Event: 4.138 GC heap after
{Heap after GC invocations=16 (full 0):
 garbage-first heap   total 105472K, used 46181K [0x00000000c0000000, 0x0000000100000000)
  region size 1024K, 1 young (1024K), 1 survivors (1024K)
 Metaspace       used 41263K, committed 41728K, reserved 1114112K
  class space    used 5350K, committed 5568K, reserved 1048576K
}
Event: 4.205 GC heap before
{Heap before GC invocations=16 (full 0):
 garbage-first heap   total 105472K, used 75877K [0x00000000c0000000, 0x0000000100000000)
  region size 1024K, 31 young (31744K), 1 survivors (1024K)
 Metaspace       used 41754K, committed 42240K, reserved 1114112K
  class space    used 5362K, committed 5568K, reserved 1048576K
}
Event: 4.213 GC heap after
{Heap after GC invocations=17 (full 0):
 garbage-first heap   total 105472K, used 55859K [0x00000000c0000000, 0x0000000100000000)
  region size 1024K, 4 young (4096K), 4 survivors (4096K)
 Metaspace       used 41754K, committed 42240K, reserved 1114112K
  class space    used 5362K, committed 5568K, reserved 1048576K
}
Event: 4.259 GC heap before
{Heap before GC invocations=17 (full 0):
 garbage-first heap   total 105472K, used 77363K [0x00000000c0000000, 0x0000000100000000)
  region size 1024K, 26 young (26624K), 4 survivors (4096K)
 Metaspace       used 42095K, committed 42560K, reserved 1114112K
  class space    used 5403K, committed 5632K, reserved 1048576K
}
Event: 4.268 GC heap after
{Heap after GC invocations=18 (full 0):
 garbage-first heap   total 105472K, used 60963K [0x00000000c0000000, 0x0000000100000000)
  region size 1024K, 4 young (4096K), 4 survivors (4096K)
 Metaspace       used 42095K, committed 42560K, reserved 1114112K
  class space    used 5403K, committed 5632K, reserved 1048576K
}
Event: 4.409 GC heap before
{Heap before GC invocations=19 (full 0):
 garbage-first heap   total 117760K, used 79395K [0x00000000c0000000, 0x0000000100000000)
  region size 1024K, 23 young (23552K), 4 survivors (4096K)
 Metaspace       used 43845K, committed 44224K, reserved 1114112K
  class space    used 5642K, committed 5824K, reserved 1048576K
}
Event: 4.416 GC heap after
{Heap after GC invocations=20 (full 0):
 garbage-first heap   total 117760K, used 63882K [0x00000000c0000000, 0x0000000100000000)
  region size 1024K, 3 young (3072K), 3 survivors (3072K)
 Metaspace       used 43845K, committed 44224K, reserved 1114112K
  class space    used 5642K, committed 5824K, reserved 1048576K
}
Event: 4.425 GC heap before
{Heap before GC invocations=20 (full 0):
 garbage-first heap   total 117760K, used 64906K [0x00000000c0000000, 0x0000000100000000)
  region size 1024K, 5 young (5120K), 3 survivors (3072K)
 Metaspace       used 44063K, committed 44480K, reserved 1114112K
  class space    used 5676K, committed 5888K, reserved 1048576K
}
Event: 4.429 GC heap after
{Heap after GC invocations=21 (full 0):
 garbage-first heap   total 311296K, used 64079K [0x00000000c0000000, 0x0000000100000000)
  region size 1024K, 1 young (1024K), 1 survivors (1024K)
 Metaspace       used 44063K, committed 44480K, reserved 1114112K
  class space    used 5676K, committed 5888K, reserved 1048576K
}
Event: 4.824 GC heap before
{Heap before GC invocations=21 (full 0):
 garbage-first heap   total 311296K, used 223823K [0x00000000c0000000, 0x0000000100000000)
  region size 1024K, 156 young (159744K), 1 survivors (1024K)
 Metaspace       used 52703K, committed 53184K, reserved 1114112K
  class space    used 6730K, committed 6912K, reserved 1048576K
}
Event: 4.872 GC heap after
{Heap after GC invocations=22 (full 0):
 garbage-first heap   total 311296K, used 92464K [0x00000000c0000000, 0x0000000100000000)
  region size 1024K, 20 young (20480K), 20 survivors (20480K)
 Metaspace       used 52703K, committed 53184K, reserved 1114112K
  class space    used 6730K, committed 6912K, reserved 1048576K
}
Event: 4.935 GC heap before
{Heap before GC invocations=22 (full 0):
 garbage-first heap   total 311296K, used 206128K [0x00000000c0000000, 0x0000000100000000)
  region size 1024K, 132 young (135168K), 20 survivors (20480K)
 Metaspace       used 53365K, committed 53824K, reserved 1114112K
  class space    used 6814K, committed 7040K, reserved 1048576K
}
Event: 4.946 GC heap after
{Heap after GC invocations=23 (full 0):
 garbage-first heap   total 311296K, used 98553K [0x00000000c0000000, 0x0000000100000000)
  region size 1024K, 6 young (6144K), 6 survivors (6144K)
 Metaspace       used 53365K, committed 53824K, reserved 1114112K
  class space    used 6814K, committed 7040K, reserved 1048576K
}
Event: 5.010 GC heap before
{Heap before GC invocations=23 (full 0):
 garbage-first heap   total 311296K, used 218361K [0x00000000c0000000, 0x0000000100000000)
  region size 1024K, 124 young (126976K), 6 survivors (6144K)
 Metaspace       used 53732K, committed 54208K, reserved 1114112K
  class space    used 6853K, committed 7040K, reserved 1048576K
}
Event: 5.015 GC heap after
{Heap after GC invocations=24 (full 0):
 garbage-first heap   total 311296K, used 102362K [0x00000000c0000000, 0x0000000100000000)
  region size 1024K, 10 young (10240K), 10 survivors (10240K)
 Metaspace       used 53732K, committed 54208K, reserved 1114112K
  class space    used 6853K, committed 7040K, reserved 1048576K
}
Event: 5.111 GC heap before
{Heap before GC invocations=24 (full 0):
 garbage-first heap   total 311296K, used 230362K [0x00000000c0000000, 0x0000000100000000)
  region size 1024K, 136 young (139264K), 10 survivors (10240K)
 Metaspace       used 54390K, committed 54848K, reserved 1114112K
  class space    used 6918K, committed 7104K, reserved 1048576K
}

