# JRE version: OpenJDK Runtime Environment Temurin-17.0.7+7 (17.0.7+7) (build 17.0.7+7)
# Java VM: OpenJDK 64-Bit Server VM Temurin-17.0.7+7 (17.0.7+7, mixed mode, emulated-client, tiered, compressed oops, compressed class ptrs, g1 gc, windows-amd64)
GC Precious Log:
 CPUs: 8 total, 8 available
 Memory: 7844M
 Large Page Support: Disabled
 NUMA Support: Disabled
 Compressed Oops: Enabled (32-bit)
 Heap Region Size: 1M
 Heap Min Capacity: 8M
 Heap Initial Capacity: 124M
 Heap Max Capacity: 1G
 Pre-touch: Disabled
 Parallel Workers: 8
 Concurrent Workers: 2
 Concurrent Refinement Workers: 8
 Periodic GC: Disabled
Heap:
 garbage-first heap   total 334848K, used 109759K [0x00000000c0000000, 0x0000000100000000)
  region size 1024K, 12 young (12288K), 12 survivors (12288K)
 Metaspace       used 45134K, committed 45568K, reserved 1114112K
  class space    used 5689K, committed 5888K, reserved 1048576K
GC Heap History (20 events):
Event: 6.901 GC heap after
{Heap after GC invocations=13 (full 0):
 garbage-first heap   total 93184K, used 39885K [0x00000000c0000000, 0x0000000100000000)
  region size 1024K, 3 young (3072K), 3 survivors (3072K)
 Metaspace       used 39437K, committed 39808K, reserved 1114112K
  class space    used 5181K, committed 5376K, reserved 1048576K
}
Event: 7.038 GC heap before
{Heap before GC invocations=14 (full 0):
 garbage-first heap   total 93184K, used 67533K [0x00000000c0000000, 0x0000000100000000)
  region size 1024K, 30 young (30720K), 3 survivors (3072K)
 Metaspace       used 40113K, committed 40576K, reserved 1114112K
  class space    used 5239K, committed 5440K, reserved 1048576K
}
Event: 7.045 GC heap after
{Heap after GC invocations=15 (full 0):
 garbage-first heap   total 93184K, used 44203K [0x00000000c0000000, 0x0000000100000000)
  region size 1024K, 4 young (4096K), 4 survivors (4096K)
 Metaspace       used 40113K, committed 40576K, reserved 1114112K
  class space    used 5239K, committed 5440K, reserved 1048576K
}
Event: 7.102 GC heap before
{Heap before GC invocations=15 (full 0):
 garbage-first heap   total 93184K, used 68779K [0x00000000c0000000, 0x0000000100000000)
  region size 1024K, 29 young (29696K), 4 survivors (4096K)
 Metaspace       used 40452K, committed 40896K, reserved 1114112K
  class space    used 5283K, committed 5504K, reserved 1048576K
}
Event: 7.113 GC heap after
{Heap after GC invocations=16 (full 0):
 garbage-first heap   total 93184K, used 53640K [0x00000000c0000000, 0x0000000100000000)
  region size 1024K, 4 young (4096K), 4 survivors (4096K)
 Metaspace       used 40452K, committed 40896K, reserved 1114112K
  class space    used 5283K, committed 5504K, reserved 1048576K
}
Event: 7.160 GC heap before
{Heap before GC invocations=16 (full 0):
 garbage-first heap   total 93184K, used 69000K [0x00000000c0000000, 0x0000000100000000)
  region size 1024K, 19 young (19456K), 4 survivors (4096K)
 Metaspace       used 40836K, committed 41216K, reserved 1114112K
  class space    used 5309K, committed 5504K, reserved 1048576K
}
Event: 7.165 GC heap after
{Heap after GC invocations=17 (full 0):
 garbage-first heap   total 93184K, used 56685K [0x00000000c0000000, 0x0000000100000000)
  region size 1024K, 3 young (3072K), 3 survivors (3072K)
 Metaspace       used 40836K, committed 41216K, reserved 1114112K
  class space    used 5309K, committed 5504K, reserved 1048576K
}
Event: 7.211 GC heap before
{Heap before GC invocations=17 (full 0):
 garbage-first heap   total 93184K, used 69997K [0x00000000c0000000, 0x0000000100000000)
  region size 1024K, 17 young (17408K), 3 survivors (3072K)
 Metaspace       used 41354K, committed 41728K, reserved 1114112K
  class space    used 5322K, committed 5504K, reserved 1048576K
}
Event: 7.214 GC heap after
{Heap after GC invocations=18 (full 0):
 garbage-first heap   total 93184K, used 59091K [0x00000000c0000000, 0x0000000100000000)
  region size 1024K, 3 young (3072K), 3 survivors (3072K)
 Metaspace       used 41354K, committed 41728K, reserved 1114112K
  class space    used 5322K, committed 5504K, reserved 1048576K
}
Event: 7.256 GC heap before
{Heap before GC invocations=19 (full 0):
 garbage-first heap   total 111616K, used 71379K [0x00000000c0000000, 0x0000000100000000)
  region size 1024K, 16 young (16384K), 3 survivors (3072K)
 Metaspace       used 41646K, committed 42112K, reserved 1114112K
  class space    used 5352K, committed 5568K, reserved 1048576K
}
Event: 7.261 GC heap after
{Heap after GC invocations=20 (full 0):
 garbage-first heap   total 111616K, used 63196K [0x00000000c0000000, 0x0000000100000000)
  region size 1024K, 2 young (2048K), 2 survivors (2048K)
 Metaspace       used 41646K, committed 42112K, reserved 1114112K
  class space    used 5352K, committed 5568K, reserved 1048576K
}
Event: 7.291 GC heap before
{Heap before GC invocations=20 (full 0):
 garbage-first heap   total 111616K, used 66268K [0x00000000c0000000, 0x0000000100000000)
  region size 1024K, 5 young (5120K), 2 survivors (2048K)
 Metaspace       used 41826K, committed 42304K, reserved 1114112K
  class space    used 5370K, committed 5568K, reserved 1048576K
}
Event: 7.296 GC heap after
{Heap after GC invocations=21 (full 0):
 garbage-first heap   total 334848K, used 63791K [0x00000000c0000000, 0x0000000100000000)
  region size 1024K, 1 young (1024K), 1 survivors (1024K)
 Metaspace       used 41826K, committed 42304K, reserved 1114112K
  class space    used 5370K, committed 5568K, reserved 1048576K
}
Event: 7.507 GC heap before
{Heap before GC invocations=21 (full 0):
 garbage-first heap   total 334848K, used 226607K [0x00000000c0000000, 0x0000000100000000)
  region size 1024K, 159 young (162816K), 1 survivors (1024K)
 Metaspace       used 44708K, committed 45184K, reserved 1114112K
  class space    used 5645K, committed 5888K, reserved 1048576K
}
Event: 7.538 GC heap after
{Heap after GC invocations=22 (full 0):
 garbage-first heap   total 334848K, used 92402K [0x00000000c0000000, 0x0000000100000000)
  region size 1024K, 20 young (20480K), 20 survivors (20480K)
 Metaspace       used 44708K, committed 45184K, reserved 1114112K
  class space    used 5645K, committed 5888K, reserved 1048576K
}
Event: 7.579 GC heap before
{Heap before GC invocations=22 (full 0):
 garbage-first heap   total 334848K, used 224498K [0x00000000c0000000, 0x0000000100000000)
  region size 1024K, 150 young (153600K), 20 survivors (20480K)
 Metaspace       used 44844K, committed 45312K, reserved 1114112K
  class space    used 5660K, committed 5888K, reserved 1048576K
}
Event: 7.589 GC heap after
{Heap after GC invocations=23 (full 0):
 garbage-first heap   total 334848K, used 98728K [0x00000000c0000000, 0x0000000100000000)
  region size 1024K, 7 young (7168K), 7 survivors (7168K)
 Metaspace       used 44844K, committed 45312K, reserved 1114112K
  class space    used 5660K, committed 5888K, reserved 1048576K
}
Event: 7.632 GC heap before
{Heap before GC invocations=23 (full 0):
 garbage-first heap   total 334848K, used 234920K [0x00000000c0000000, 0x0000000100000000)
  region size 1024K, 141 young (144384K), 7 survivors (7168K)
 Metaspace       used 45023K, committed 45504K, reserved 1114112K
  class space    used 5678K, committed 5888K, reserved 1048576K
}
Event: 7.637 GC heap after
{Heap after GC invocations=24 (full 0):
 garbage-first heap   total 334848K, used 103895K [0x00000000c0000000, 0x0000000100000000)
  region size 1024K, 12 young (12288K), 12 survivors (12288K)
 Metaspace       used 45023K, committed 45504K, reserved 1114112K
  class space    used 5678K, committed 5888K, reserved 1048576K
}
Event: 7.673 GC heap before
{Heap before GC invocations=24 (full 0):
 garbage-first heap   total 334848K, used 247255K [0x00000000c0000000, 0x0000000100000000)
  region size 1024K, 153 young (156672K), 12 survivors (12288K)
 Metaspace       used 45134K, committed 45568K, reserved 1114112K
  class space    used 5689K, committed 5888K, reserved 1048576K
}

