# JRE version: OpenJDK Runtime Environment Temurin-17.0.7+7 (17.0.7+7) (build 17.0.7+7)
# Java VM: OpenJDK 64-Bit Server VM Temurin-17.0.7+7 (17.0.7+7, mixed mode, tiered, compressed oops, compressed class ptrs, parallel gc, windows-amd64)
GC Precious Log:
 CPUs: 8 total, 8 available
 Memory: 7844M
 Large Page Support: Disabled
 NUMA Support: Disabled
 Compressed Oops: Enabled (32-bit)
 Alignments: Space 512K, Generation 512K, Heap 2M
 Heap Min Capacity: 100M
 Heap Initial Capacity: 100M
 Heap Max Capacity: 1G
 Pre-touch: Disabled
 Parallel Workers: 8
Heap:
 PSYoungGen      total 19968K, used 1067K [0x00000000eab00000, 0x00000000ec100000, 0x0000000100000000)
  eden space 19456K, 4% used [0x00000000eab00000,0x00000000eabeada0,0x00000000ebe00000)
  from space 512K, 25% used [0x00000000ec080000,0x00000000ec0a0000,0x00000000ec100000)
  to   space 1024K, 0% used [0x00000000ebf00000,0x00000000ebf00000,0x00000000ec000000)
 ParOldGen       total 68608K, used 35816K [0x00000000c0000000, 0x00000000c4300000, 0x00000000eab00000)
  object space 68608K, 52% used [0x00000000c0000000,0x00000000c22fa050,0x00000000c4300000)
 Metaspace       used 59914K, committed 60992K, reserved 1114112K
  class space    used 6652K, committed 7104K, reserved 1048576K
GC Heap History (20 events):
Event: 7.404 GC heap before
{Heap before GC invocations=22 (full 2):
 PSYoungGen      total 23552K, used 23520K [0x00000000eab00000, 0x00000000ec900000, 0x0000000100000000)
  eden space 21504K, 100% used [0x00000000eab00000,0x00000000ec000000,0x00000000ec000000)
  from space 2048K, 98% used [0x00000000ec000000,0x00000000ec1f8020,0x00000000ec200000)
  to   space 4608K, 0% used [0x00000000ec480000,0x00000000ec480000,0x00000000ec900000)
 ParOldGen       total 68608K, used 25852K [0x00000000c0000000, 0x00000000c4300000, 0x00000000eab00000)
  object space 68608K, 37% used [0x00000000c0000000,0x00000000c193f0f8,0x00000000c4300000)
 Metaspace       used 54052K, committed 55104K, reserved 1114112K
  class space    used 6038K, committed 6528K, reserved 1048576K
}
Event: 7.408 GC heap after
{Heap after GC invocations=22 (full 2):
 PSYoungGen      total 23552K, used 2048K [0x00000000eab00000, 0x00000000ec680000, 0x0000000100000000)
  eden space 21504K, 0% used [0x00000000eab00000,0x00000000eab00000,0x00000000ec000000)
  from space 2048K, 100% used [0x00000000ec480000,0x00000000ec680000,0x00000000ec680000)
  to   space 3072K, 0% used [0x00000000ec080000,0x00000000ec080000,0x00000000ec380000)
 ParOldGen       total 68608K, used 27885K [0x00000000c0000000, 0x00000000c4300000, 0x00000000eab00000)
  object space 68608K, 40% used [0x00000000c0000000,0x00000000c1b3b7c8,0x00000000c4300000)
 Metaspace       used 54052K, committed 55104K, reserved 1114112K
  class space    used 6038K, committed 6528K, reserved 1048576K
}
Event: 7.494 GC heap before
{Heap before GC invocations=23 (full 2):
 PSYoungGen      total 23552K, used 23552K [0x00000000eab00000, 0x00000000ec680000, 0x0000000100000000)
  eden space 21504K, 100% used [0x00000000eab00000,0x00000000ec000000,0x00000000ec000000)
  from space 2048K, 100% used [0x00000000ec480000,0x00000000ec680000,0x00000000ec680000)
  to   space 3072K, 0% used [0x00000000ec080000,0x00000000ec080000,0x00000000ec380000)
 ParOldGen       total 68608K, used 27885K [0x00000000c0000000, 0x00000000c4300000, 0x00000000eab00000)
  object space 68608K, 40% used [0x00000000c0000000,0x00000000c1b3b7c8,0x00000000c4300000)
 Metaspace       used 54052K, committed 55104K, reserved 1114112K
  class space    used 6038K, committed 6528K, reserved 1048576K
}
Event: 7.499 GC heap after
{Heap after GC invocations=23 (full 2):
 PSYoungGen      total 24064K, used 2272K [0x00000000eab00000, 0x00000000ec500000, 0x0000000100000000)
  eden space 21504K, 0% used [0x00000000eab00000,0x00000000eab00000,0x00000000ec000000)
  from space 2560K, 88% used [0x00000000ec080000,0x00000000ec2b8010,0x00000000ec300000)
  to   space 2048K, 0% used [0x00000000ec300000,0x00000000ec300000,0x00000000ec500000)
 ParOldGen       total 68608K, used 29829K [0x00000000c0000000, 0x00000000c4300000, 0x00000000eab00000)
  object space 68608K, 43% used [0x00000000c0000000,0x00000000c1d217c8,0x00000000c4300000)
 Metaspace       used 54052K, committed 55104K, reserved 1114112K
  class space    used 6038K, committed 6528K, reserved 1048576K
}
Event: 7.806 GC heap before
{Heap before GC invocations=24 (full 2):
 PSYoungGen      total 24064K, used 23776K [0x00000000eab00000, 0x00000000ec500000, 0x0000000100000000)
  eden space 21504K, 100% used [0x00000000eab00000,0x00000000ec000000,0x00000000ec000000)
  from space 2560K, 88% used [0x00000000ec080000,0x00000000ec2b8010,0x00000000ec300000)
  to   space 2048K, 0% used [0x00000000ec300000,0x00000000ec300000,0x00000000ec500000)
 ParOldGen       total 68608K, used 29829K [0x00000000c0000000, 0x00000000c4300000, 0x00000000eab00000)
  object space 68608K, 43% used [0x00000000c0000000,0x00000000c1d217c8,0x00000000c4300000)
 Metaspace       used 54362K, committed 55424K, reserved 1114112K
  class space    used 6053K, committed 6528K, reserved 1048576K
}
Event: 7.810 GC heap after
{Heap after GC invocations=24 (full 2):
 PSYoungGen      total 21504K, used 2048K [0x00000000eab00000, 0x00000000eca00000, 0x0000000100000000)
  eden space 19456K, 0% used [0x00000000eab00000,0x00000000eab00000,0x00000000ebe00000)
  from space 2048K, 100% used [0x00000000ec300000,0x00000000ec500000,0x00000000ec500000)
  to   space 5120K, 0% used [0x00000000ebe00000,0x00000000ebe00000,0x00000000ec300000)
 ParOldGen       total 68608K, used 32173K [0x00000000c0000000, 0x00000000c4300000, 0x00000000eab00000)
  object space 68608K, 46% used [0x00000000c0000000,0x00000000c1f6b7d8,0x00000000c4300000)
 Metaspace       used 54362K, committed 55424K, reserved 1114112K
  class space    used 6053K, committed 6528K, reserved 1048576K
}
Event: 8.127 GC heap before
{Heap before GC invocations=25 (full 2):
 PSYoungGen      total 21504K, used 21479K [0x00000000eab00000, 0x00000000eca00000, 0x0000000100000000)
  eden space 19456K, 99% used [0x00000000eab00000,0x00000000ebdf9c28,0x00000000ebe00000)
  from space 2048K, 100% used [0x00000000ec300000,0x00000000ec500000,0x00000000ec500000)
  to   space 5120K, 0% used [0x00000000ebe00000,0x00000000ebe00000,0x00000000ec300000)
 ParOldGen       total 68608K, used 32173K [0x00000000c0000000, 0x00000000c4300000, 0x00000000eab00000)
  object space 68608K, 46% used [0x00000000c0000000,0x00000000c1f6b7d8,0x00000000c4300000)
 Metaspace       used 54583K, committed 55680K, reserved 1114112K
  class space    used 6078K, committed 6592K, reserved 1048576K
}
Event: 8.130 GC heap after
{Heap after GC invocations=25 (full 2):
 PSYoungGen      total 20480K, used 793K [0x00000000eab00000, 0x00000000ec380000, 0x0000000100000000)
  eden space 19456K, 0% used [0x00000000eab00000,0x00000000eab00000,0x00000000ebe00000)
  from space 1024K, 77% used [0x00000000ebe00000,0x00000000ebec6618,0x00000000ebf00000)
  to   space 2560K, 0% used [0x00000000ec100000,0x00000000ec100000,0x00000000ec380000)
 ParOldGen       total 68608K, used 34253K [0x00000000c0000000, 0x00000000c4300000, 0x00000000eab00000)
  object space 68608K, 49% used [0x00000000c0000000,0x00000000c21737d8,0x00000000c4300000)
 Metaspace       used 54583K, committed 55680K, reserved 1114112K
  class space    used 6078K, committed 6592K, reserved 1048576K
}
Event: 13.298 GC heap before
{Heap before GC invocations=26 (full 2):
 PSYoungGen      total 20480K, used 20243K [0x00000000eab00000, 0x00000000ec380000, 0x0000000100000000)
  eden space 19456K, 99% used [0x00000000eab00000,0x00000000ebdfe7d0,0x00000000ebe00000)
  from space 1024K, 77% used [0x00000000ebe00000,0x00000000ebec6618,0x00000000ebf00000)
  to   space 2560K, 0% used [0x00000000ec100000,0x00000000ec100000,0x00000000ec380000)
 ParOldGen       total 68608K, used 34253K [0x00000000c0000000, 0x00000000c4300000, 0x00000000eab00000)
  object space 68608K, 49% used [0x00000000c0000000,0x00000000c21737d8,0x00000000c4300000)
 Metaspace       used 56483K, committed 57600K, reserved 1114112K
  class space    used 6289K, committed 6784K, reserved 1048576K
}
Event: 13.300 GC heap after
{Heap after GC invocations=26 (full 2):
 PSYoungGen      total 20480K, used 759K [0x00000000eab00000, 0x00000000ec200000, 0x0000000100000000)
  eden space 19456K, 0% used [0x00000000eab00000,0x00000000eab00000,0x00000000ebe00000)
  from space 1024K, 74% used [0x00000000ec100000,0x00000000ec1bdfc8,0x00000000ec200000)
  to   space 1024K, 0% used [0x00000000ebe00000,0x00000000ebe00000,0x00000000ebf00000)
 ParOldGen       total 68608K, used 34885K [0x00000000c0000000, 0x00000000c4300000, 0x00000000eab00000)
  object space 68608K, 50% used [0x00000000c0000000,0x00000000c22117d8,0x00000000c4300000)
 Metaspace       used 56483K, committed 57600K, reserved 1114112K
  class space    used 6289K, committed 6784K, reserved 1048576K
}
Event: 13.795 GC heap before
{Heap before GC invocations=27 (full 2):
 PSYoungGen      total 20480K, used 20215K [0x00000000eab00000, 0x00000000ec200000, 0x0000000100000000)
  eden space 19456K, 100% used [0x00000000eab00000,0x00000000ebe00000,0x00000000ebe00000)
  from space 1024K, 74% used [0x00000000ec100000,0x00000000ec1bdfc8,0x00000000ec200000)
  to   space 1024K, 0% used [0x00000000ebe00000,0x00000000ebe00000,0x00000000ebf00000)
 ParOldGen       total 68608K, used 34885K [0x00000000c0000000, 0x00000000c4300000, 0x00000000eab00000)
  object space 68608K, 50% used [0x00000000c0000000,0x00000000c22117d8,0x00000000c4300000)
 Metaspace       used 58067K, committed 59200K, reserved 1114112K
  class space    used 6504K, committed 6976K, reserved 1048576K
}
Event: 13.797 GC heap after
{Heap after GC invocations=27 (full 2):
 PSYoungGen      total 20480K, used 544K [0x00000000eab00000, 0x00000000ec180000, 0x0000000100000000)
  eden space 19456K, 0% used [0x00000000eab00000,0x00000000eab00000,0x00000000ebe00000)
  from space 1024K, 53% used [0x00000000ebe00000,0x00000000ebe88338,0x00000000ebf00000)
  to   space 1024K, 0% used [0x00000000ec080000,0x00000000ec080000,0x00000000ec180000)
 ParOldGen       total 68608K, used 35540K [0x00000000c0000000, 0x00000000c4300000, 0x00000000eab00000)
  object space 68608K, 51% used [0x00000000c0000000,0x00000000c22b51d8,0x00000000c4300000)
 Metaspace       used 58067K, committed 59200K, reserved 1114112K
  class space    used 6504K, committed 6976K, reserved 1048576K
}
Event: 14.019 GC heap before
{Heap before GC invocations=28 (full 2):
 PSYoungGen      total 20480K, used 9848K [0x00000000eab00000, 0x00000000ec180000, 0x0000000100000000)
  eden space 19456K, 47% used [0x00000000eab00000,0x00000000eb416048,0x00000000ebe00000)
  from space 1024K, 53% used [0x00000000ebe00000,0x00000000ebe88338,0x00000000ebf00000)
  to   space 1024K, 0% used [0x00000000ec080000,0x00000000ec080000,0x00000000ec180000)
 ParOldGen       total 68608K, used 35540K [0x00000000c0000000, 0x00000000c4300000, 0x00000000eab00000)
  object space 68608K, 51% used [0x00000000c0000000,0x00000000c22b51d8,0x00000000c4300000)
 Metaspace       used 58734K, committed 59776K, reserved 1114112K
  class space    used 6563K, committed 7040K, reserved 1048576K
}
Event: 14.020 GC heap after
{Heap after GC invocations=28 (full 2):
 PSYoungGen      total 19968K, used 336K [0x00000000eab00000, 0x00000000ec100000, 0x0000000100000000)
  eden space 19456K, 0% used [0x00000000eab00000,0x00000000eab00000,0x00000000ebe00000)
  from space 512K, 65% used [0x00000000ec080000,0x00000000ec0d4288,0x00000000ec100000)
  to   space 512K, 0% used [0x00000000ec000000,0x00000000ec000000,0x00000000ec080000)
 ParOldGen       total 68608K, used 35964K [0x00000000c0000000, 0x00000000c4300000, 0x00000000eab00000)
  object space 68608K, 52% used [0x00000000c0000000,0x00000000c231f088,0x00000000c4300000)
 Metaspace       used 58734K, committed 59776K, reserved 1114112K
  class space    used 6563K, committed 7040K, reserved 1048576K
}
Event: 14.021 GC heap before
{Heap before GC invocations=29 (full 3):
 PSYoungGen      total 19968K, used 336K [0x00000000eab00000, 0x00000000ec100000, 0x0000000100000000)
  eden space 19456K, 0% used [0x00000000eab00000,0x00000000eab00000,0x00000000ebe00000)
  from space 512K, 65% used [0x00000000ec080000,0x00000000ec0d4288,0x00000000ec100000)
  to   space 512K, 0% used [0x00000000ec000000,0x00000000ec000000,0x00000000ec080000)
 ParOldGen       total 68608K, used 35964K [0x00000000c0000000, 0x00000000c4300000, 0x00000000eab00000)
  object space 68608K, 52% used [0x00000000c0000000,0x00000000c231f088,0x00000000c4300000)
 Metaspace       used 58734K, committed 59776K, reserved 1114112K
  class space    used 6563K, committed 7040K, reserved 1048576K
}
Event: 14.096 GC heap after
{Heap after GC invocations=29 (full 3):
 PSYoungGen      total 19968K, used 0K [0x00000000eab00000, 0x00000000ec100000, 0x0000000100000000)
  eden space 19456K, 0% used [0x00000000eab00000,0x00000000eab00000,0x00000000ebe00000)
  from space 512K, 0% used [0x00000000ec080000,0x00000000ec080000,0x00000000ec100000)
  to   space 512K, 0% used [0x00000000ec000000,0x00000000ec000000,0x00000000ec080000)
 ParOldGen       total 68608K, used 34740K [0x00000000c0000000, 0x00000000c4300000, 0x00000000eab00000)
  object space 68608K, 50% used [0x00000000c0000000,0x00000000c21ed160,0x00000000c4300000)
 Metaspace       used 58734K, committed 59776K, reserved 1114112K
  class space    used 6563K, committed 7040K, reserved 1048576K
}
Event: 14.295 GC heap before
{Heap before GC invocations=30 (full 3):
 PSYoungGen      total 19968K, used 19456K [0x00000000eab00000, 0x00000000ec100000, 0x0000000100000000)
  eden space 19456K, 100% used [0x00000000eab00000,0x00000000ebe00000,0x00000000ebe00000)
  from space 512K, 0% used [0x00000000ec080000,0x00000000ec080000,0x00000000ec100000)
  to   space 512K, 0% used [0x00000000ec000000,0x00000000ec000000,0x00000000ec080000)
 ParOldGen       total 68608K, used 34740K [0x00000000c0000000, 0x00000000c4300000, 0x00000000eab00000)
  object space 68608K, 50% used [0x00000000c0000000,0x00000000c21ed160,0x00000000c4300000)
 Metaspace       used 59505K, committed 60672K, reserved 1114112K
  class space    used 6619K, committed 7104K, reserved 1048576K
}
Event: 14.297 GC heap after
{Heap after GC invocations=30 (full 3):
 PSYoungGen      total 19968K, used 506K [0x00000000eab00000, 0x00000000ec200000, 0x0000000100000000)
  eden space 19456K, 0% used [0x00000000eab00000,0x00000000eab00000,0x00000000ebe00000)
  from space 512K, 98% used [0x00000000ec000000,0x00000000ec07e970,0x00000000ec080000)
  to   space 1536K, 0% used [0x00000000ec080000,0x00000000ec080000,0x00000000ec200000)
 ParOldGen       total 68608K, used 35624K [0x00000000c0000000, 0x00000000c4300000, 0x00000000eab00000)
  object space 68608K, 51% used [0x00000000c0000000,0x00000000c22ca050,0x00000000c4300000)
 Metaspace       used 59505K, committed 60672K, reserved 1114112K
  class space    used 6619K, committed 7104K, reserved 1048576K
}
Event: 14.423 GC heap before
{Heap before GC invocations=31 (full 3):
 PSYoungGen      total 19968K, used 19962K [0x00000000eab00000, 0x00000000ec200000, 0x0000000100000000)
  eden space 19456K, 100% used [0x00000000eab00000,0x00000000ebe00000,0x00000000ebe00000)
  from space 512K, 98% used [0x00000000ec000000,0x00000000ec07e970,0x00000000ec080000)
  to   space 1536K, 0% used [0x00000000ec080000,0x00000000ec080000,0x00000000ec200000)
 ParOldGen       total 68608K, used 35624K [0x00000000c0000000, 0x00000000c4300000, 0x00000000eab00000)
  object space 68608K, 51% used [0x00000000c0000000,0x00000000c22ca050,0x00000000c4300000)
 Metaspace       used 59748K, committed 60864K, reserved 1114112K
  class space    used 6633K, committed 7104K, reserved 1048576K
}
Event: 14.424 GC heap after
{Heap after GC invocations=31 (full 3):
 PSYoungGen      total 19968K, used 128K [0x00000000eab00000, 0x00000000ec100000, 0x0000000100000000)
  eden space 19456K, 0% used [0x00000000eab00000,0x00000000eab00000,0x00000000ebe00000)
  from space 512K, 25% used [0x00000000ec080000,0x00000000ec0a0000,0x00000000ec100000)
  to   space 1024K, 0% used [0x00000000ebf00000,0x00000000ebf00000,0x00000000ec000000)
 ParOldGen       total 68608K, used 35816K [0x00000000c0000000, 0x00000000c4300000, 0x00000000eab00000)
  object space 68608K, 52% used [0x00000000c0000000,0x00000000c22fa050,0x00000000c4300000)
 Metaspace       used 59748K, committed 60864K, reserved 1114112K
  class space    used 6633K, committed 7104K, reserved 1048576K
}

