# JRE version: OpenJDK Runtime Environment Temurin-17.0.7+7 (17.0.7+7) (build 17.0.7+7)
# Java VM: OpenJDK 64-Bit Server VM Temurin-17.0.7+7 (17.0.7+7, mixed mode, emulated-client, tiered, compressed oops, compressed class ptrs, g1 gc, windows-amd64)
GC Precious Log:
 CPUs: 8 total, 8 available
 Memory: 7844M
 Large Page Support: Disabled
 NUMA Support: Disabled
 Compressed Oops: Enabled (32-bit)
 Heap Region Size: 1M
 Heap Min Capacity: 8M
 Heap Initial Capacity: 124M
 Heap Max Capacity: 1G
 Pre-touch: Disabled
 Parallel Workers: 8
 Concurrent Workers: 2
 Concurrent Refinement Workers: 8
 Periodic GC: Disabled
Heap:
 garbage-first heap   total 289792K, used 102307K [0x00000000c0000000, 0x0000000100000000)
  region size 1024K, 10 young (10240K), 10 survivors (10240K)
 Metaspace       used 45899K, committed 46336K, reserved 1114112K
  class space    used 5738K, committed 5952K, reserved 1048576K
GC Heap History (20 events):
Event: 3.894 GC heap after
{Heap after GC invocations=12 (full 0):
 garbage-first heap   total 81920K, used 35629K [0x00000000c0000000, 0x0000000100000000)
  region size 1024K, 5 young (5120K), 5 survivors (5120K)
 Metaspace       used 38667K, committed 39040K, reserved 1114112K
  class space    used 5069K, committed 5248K, reserved 1048576K
}
Event: 3.965 GC heap before
{Heap before GC invocations=12 (full 0):
 garbage-first heap   total 81920K, used 58157K [0x00000000c0000000, 0x0000000100000000)
  region size 1024K, 28 young (28672K), 5 survivors (5120K)
 Metaspace       used 39392K, committed 39808K, reserved 1114112K
  class space    used 5147K, committed 5376K, reserved 1048576K
}
Event: 3.970 GC heap after
{Heap after GC invocations=13 (full 0):
 garbage-first heap   total 108544K, used 40028K [0x00000000c0000000, 0x0000000100000000)
  region size 1024K, 4 young (4096K), 4 survivors (4096K)
 Metaspace       used 39392K, committed 39808K, reserved 1114112K
  class space    used 5147K, committed 5376K, reserved 1048576K
}
Event: 4.050 GC heap before
{Heap before GC invocations=13 (full 0):
 garbage-first heap   total 108544K, used 76892K [0x00000000c0000000, 0x0000000100000000)
  region size 1024K, 41 young (41984K), 4 survivors (4096K)
 Metaspace       used 40213K, committed 40704K, reserved 1114112K
  class space    used 5224K, committed 5440K, reserved 1048576K
}
Event: 4.056 GC heap after
{Heap after GC invocations=14 (full 0):
 garbage-first heap   total 108544K, used 46473K [0x00000000c0000000, 0x0000000100000000)
  region size 1024K, 6 young (6144K), 6 survivors (6144K)
 Metaspace       used 40213K, committed 40704K, reserved 1114112K
  class space    used 5224K, committed 5440K, reserved 1048576K
}
Event: 4.117 GC heap before
{Heap before GC invocations=14 (full 0):
 garbage-first heap   total 108544K, used 78217K [0x00000000c0000000, 0x0000000100000000)
  region size 1024K, 38 young (38912K), 6 survivors (6144K)
 Metaspace       used 40615K, committed 41024K, reserved 1114112K
  class space    used 5249K, committed 5440K, reserved 1048576K
}
Event: 4.128 GC heap after
{Heap after GC invocations=15 (full 0):
 garbage-first heap   total 108544K, used 56686K [0x00000000c0000000, 0x0000000100000000)
  region size 1024K, 5 young (5120K), 5 survivors (5120K)
 Metaspace       used 40615K, committed 41024K, reserved 1114112K
  class space    used 5249K, committed 5440K, reserved 1048576K
}
Event: 4.287 GC heap before
{Heap before GC invocations=15 (full 0):
 garbage-first heap   total 108544K, used 80238K [0x00000000c0000000, 0x0000000100000000)
  region size 1024K, 29 young (29696K), 5 survivors (5120K)
 Metaspace       used 41947K, committed 42368K, reserved 1114112K
  class space    used 5357K, committed 5568K, reserved 1048576K
}
Event: 4.292 GC heap after
{Heap after GC invocations=16 (full 0):
 garbage-first heap   total 108544K, used 61559K [0x00000000c0000000, 0x0000000100000000)
  region size 1024K, 4 young (4096K), 4 survivors (4096K)
 Metaspace       used 41947K, committed 42368K, reserved 1114112K
  class space    used 5357K, committed 5568K, reserved 1048576K
}
Event: 4.381 GC heap before
{Heap before GC invocations=17 (full 0):
 garbage-first heap   total 122880K, used 84087K [0x00000000c0000000, 0x0000000100000000)
  region size 1024K, 26 young (26624K), 4 survivors (4096K)
 Metaspace       used 42697K, committed 43072K, reserved 1114112K
  class space    used 5387K, committed 5568K, reserved 1048576K
}
Event: 4.399 GC heap after
{Heap after GC invocations=18 (full 0):
 garbage-first heap   total 122880K, used 73988K [0x00000000c0000000, 0x0000000100000000)
  region size 1024K, 4 young (4096K), 4 survivors (4096K)
 Metaspace       used 42697K, committed 43072K, reserved 1114112K
  class space    used 5387K, committed 5568K, reserved 1048576K
}
Event: 4.418 GC heap before
{Heap before GC invocations=18 (full 0):
 garbage-first heap   total 122880K, used 78084K [0x00000000c0000000, 0x0000000100000000)
  region size 1024K, 9 young (9216K), 4 survivors (4096K)
 Metaspace       used 42869K, committed 43264K, reserved 1114112K
  class space    used 5405K, committed 5568K, reserved 1048576K
}
Event: 4.423 GC heap after
{Heap after GC invocations=19 (full 0):
 garbage-first heap   total 289792K, used 77689K [0x00000000c0000000, 0x0000000100000000)
  region size 1024K, 3 young (3072K), 3 survivors (3072K)
 Metaspace       used 42869K, committed 43264K, reserved 1114112K
  class space    used 5405K, committed 5568K, reserved 1048576K
}
Event: 4.517 GC heap before
{Heap before GC invocations=19 (full 0):
 garbage-first heap   total 289792K, used 166777K [0x00000000c0000000, 0x0000000100000000)
  region size 1024K, 90 young (92160K), 3 survivors (3072K)
 Metaspace       used 44310K, committed 44800K, reserved 1114112K
  class space    used 5557K, committed 5760K, reserved 1048576K
}
Event: 4.539 GC heap after
{Heap after GC invocations=20 (full 0):
 garbage-first heap   total 289792K, used 88731K [0x00000000c0000000, 0x0000000100000000)
  region size 1024K, 12 young (12288K), 12 survivors (12288K)
 Metaspace       used 44310K, committed 44800K, reserved 1114112K
  class space    used 5557K, committed 5760K, reserved 1048576K
}
Event: 4.573 GC heap before
{Heap before GC invocations=20 (full 0):
 garbage-first heap   total 289792K, used 181915K [0x00000000c0000000, 0x0000000100000000)
  region size 1024K, 104 young (106496K), 12 survivors (12288K)
 Metaspace       used 44773K, committed 45184K, reserved 1114112K
  class space    used 5597K, committed 5760K, reserved 1048576K
}
Event: 4.590 GC heap after
{Heap after GC invocations=21 (full 0):
 garbage-first heap   total 289792K, used 93204K [0x00000000c0000000, 0x0000000100000000)
  region size 1024K, 5 young (5120K), 5 survivors (5120K)
 Metaspace       used 44773K, committed 45184K, reserved 1114112K
  class space    used 5597K, committed 5760K, reserved 1048576K
}
Event: 4.631 GC heap before
{Heap before GC invocations=21 (full 0):
 garbage-first heap   total 289792K, used 198676K [0x00000000c0000000, 0x0000000100000000)
  region size 1024K, 109 young (111616K), 5 survivors (5120K)
 Metaspace       used 45129K, committed 45568K, reserved 1114112K
  class space    used 5646K, committed 5824K, reserved 1048576K
}
Event: 4.637 GC heap after
{Heap after GC invocations=22 (full 0):
 garbage-first heap   total 289792K, used 98087K [0x00000000c0000000, 0x0000000100000000)
  region size 1024K, 9 young (9216K), 9 survivors (9216K)
 Metaspace       used 45129K, committed 45568K, reserved 1114112K
  class space    used 5646K, committed 5824K, reserved 1048576K
}
Event: 4.678 GC heap before
{Heap before GC invocations=22 (full 0):
 garbage-first heap   total 289792K, used 208679K [0x00000000c0000000, 0x0000000100000000)
  region size 1024K, 118 young (120832K), 9 survivors (9216K)
 Metaspace       used 45899K, committed 46336K, reserved 1114112K
  class space    used 5738K, committed 5952K, reserved 1048576K
}

