# JRE version: OpenJDK Runtime Environment Temurin-17.0.7+7 (17.0.7+7) (build 17.0.7+7)
# Java VM: OpenJDK 64-Bit Server VM Temurin-17.0.7+7 (17.0.7+7, mixed mode, tiered, compressed oops, compressed class ptrs, parallel gc, windows-amd64)
GC Precious Log:
 CPUs: 8 total, 8 available
 Memory: 7844M
 Large Page Support: Disabled
 NUMA Support: Disabled
 Compressed Oops: Enabled (32-bit)
 Alignments: Space 512K, Generation 512K, Heap 2M
 Heap Min Capacity: 100M
 Heap Initial Capacity: 100M
 Heap Max Capacity: 1G
 Pre-touch: Disabled
 Parallel Workers: 8
Heap:
 PSYoungGen      total 16896K, used 10443K [0x00000000eab00000, 0x00000000ebf80000, 0x0000000100000000)
  eden space 14848K, 66% used [0x00000000eab00000,0x00000000eb4aac80,0x00000000eb980000)
  from space 2048K, 26% used [0x00000000ebb80000,0x00000000ebc08020,0x00000000ebd80000)
  to   space 1024K, 0% used [0x00000000ebe80000,0x00000000ebe80000,0x00000000ebf80000)
 ParOldGen       total 85504K, used 55882K [0x00000000c0000000, 0x00000000c5380000, 0x00000000eab00000)
  object space 85504K, 65% used [0x00000000c0000000,0x00000000c3692bd0,0x00000000c5380000)
 Metaspace       used 72036K, committed 73280K, reserved 1114112K
  class space    used 7729K, committed 8320K, reserved 1048576K
GC Heap History (20 events):
Event: 57.441 GC heap before
{Heap before GC invocations=47 (full 3):
 PSYoungGen      total 18944K, used 18688K [0x00000000eab00000, 0x00000000ebf80000, 0x0000000100000000)
  eden space 18432K, 100% used [0x00000000eab00000,0x00000000ebd00000,0x00000000ebd00000)
  from space 512K, 50% used [0x00000000ebe80000,0x00000000ebec0000,0x00000000ebf00000)
  to   space 512K, 0% used [0x00000000ebf00000,0x00000000ebf00000,0x00000000ebf80000)
 ParOldGen       total 68608K, used 63566K [0x00000000c0000000, 0x00000000c4300000, 0x00000000eab00000)
  object space 68608K, 92% used [0x00000000c0000000,0x00000000c3e138b8,0x00000000c4300000)
 Metaspace       used 67478K, committed 68800K, reserved 1114112K
  class space    used 7180K, committed 7744K, reserved 1048576K
}
Event: 57.442 GC heap after
{Heap after GC invocations=47 (full 3):
 PSYoungGen      total 18944K, used 192K [0x00000000eab00000, 0x00000000ebf80000, 0x0000000100000000)
  eden space 18432K, 0% used [0x00000000eab00000,0x00000000eab00000,0x00000000ebd00000)
  from space 512K, 37% used [0x00000000ebf00000,0x00000000ebf30000,0x00000000ebf80000)
  to   space 512K, 0% used [0x00000000ebe80000,0x00000000ebe80000,0x00000000ebf00000)
 ParOldGen       total 68608K, used 63694K [0x00000000c0000000, 0x00000000c4300000, 0x00000000eab00000)
  object space 68608K, 92% used [0x00000000c0000000,0x00000000c3e338b8,0x00000000c4300000)
 Metaspace       used 67478K, committed 68800K, reserved 1114112K
  class space    used 7180K, committed 7744K, reserved 1048576K
}
Event: 57.787 GC heap before
{Heap before GC invocations=48 (full 3):
 PSYoungGen      total 18944K, used 18624K [0x00000000eab00000, 0x00000000ebf80000, 0x0000000100000000)
  eden space 18432K, 100% used [0x00000000eab00000,0x00000000ebd00000,0x00000000ebd00000)
  from space 512K, 37% used [0x00000000ebf00000,0x00000000ebf30000,0x00000000ebf80000)
  to   space 512K, 0% used [0x00000000ebe80000,0x00000000ebe80000,0x00000000ebf00000)
 ParOldGen       total 68608K, used 63694K [0x00000000c0000000, 0x00000000c4300000, 0x00000000eab00000)
  object space 68608K, 92% used [0x00000000c0000000,0x00000000c3e338b8,0x00000000c4300000)
 Metaspace       used 67484K, committed 68800K, reserved 1114112K
  class space    used 7180K, committed 7744K, reserved 1048576K
}
Event: 57.787 GC heap after
{Heap after GC invocations=48 (full 3):
 PSYoungGen      total 18944K, used 256K [0x00000000eab00000, 0x00000000ebf80000, 0x0000000100000000)
  eden space 18432K, 0% used [0x00000000eab00000,0x00000000eab00000,0x00000000ebd00000)
  from space 512K, 50% used [0x00000000ebe80000,0x00000000ebec0000,0x00000000ebf00000)
  to   space 512K, 0% used [0x00000000ebf00000,0x00000000ebf00000,0x00000000ebf80000)
 ParOldGen       total 68608K, used 63758K [0x00000000c0000000, 0x00000000c4300000, 0x00000000eab00000)
  object space 68608K, 92% used [0x00000000c0000000,0x00000000c3e438b8,0x00000000c4300000)
 Metaspace       used 67484K, committed 68800K, reserved 1114112K
  class space    used 7180K, committed 7744K, reserved 1048576K
}
Event: 293.672 GC heap before
{Heap before GC invocations=49 (full 3):
 PSYoungGen      total 18944K, used 17377K [0x00000000eab00000, 0x00000000ebf80000, 0x0000000100000000)
  eden space 18432K, 92% used [0x00000000eab00000,0x00000000ebbb84b0,0x00000000ebd00000)
  from space 512K, 50% used [0x00000000ebe80000,0x00000000ebec0000,0x00000000ebf00000)
  to   space 512K, 0% used [0x00000000ebf00000,0x00000000ebf00000,0x00000000ebf80000)
 ParOldGen       total 68608K, used 63758K [0x00000000c0000000, 0x00000000c4300000, 0x00000000eab00000)
  object space 68608K, 92% used [0x00000000c0000000,0x00000000c3e438b8,0x00000000c4300000)
 Metaspace       used 67569K, committed 68800K, reserved 1114112K
  class space    used 7185K, committed 7744K, reserved 1048576K
}
Event: 293.673 GC heap after
{Heap after GC invocations=49 (full 3):
 PSYoungGen      total 18944K, used 368K [0x00000000eab00000, 0x00000000ebf80000, 0x0000000100000000)
  eden space 18432K, 0% used [0x00000000eab00000,0x00000000eab00000,0x00000000ebd00000)
  from space 512K, 71% used [0x00000000ebf00000,0x00000000ebf5c010,0x00000000ebf80000)
  to   space 512K, 0% used [0x00000000ebe80000,0x00000000ebe80000,0x00000000ebf00000)
 ParOldGen       total 68608K, used 63774K [0x00000000c0000000, 0x00000000c4300000, 0x00000000eab00000)
  object space 68608K, 92% used [0x00000000c0000000,0x00000000c3e478b8,0x00000000c4300000)
 Metaspace       used 67569K, committed 68800K, reserved 1114112K
  class space    used 7185K, committed 7744K, reserved 1048576K
}
Event: 365.654 GC heap before
{Heap before GC invocations=50 (full 3):
 PSYoungGen      total 18944K, used 15230K [0x00000000eab00000, 0x00000000ebf80000, 0x0000000100000000)
  eden space 18432K, 80% used [0x00000000eab00000,0x00000000eb983af0,0x00000000ebd00000)
  from space 512K, 71% used [0x00000000ebf00000,0x00000000ebf5c010,0x00000000ebf80000)
  to   space 512K, 0% used [0x00000000ebe80000,0x00000000ebe80000,0x00000000ebf00000)
 ParOldGen       total 92160K, used 86814K [0x00000000c0000000, 0x00000000c5a00000, 0x00000000eab00000)
  object space 92160K, 94% used [0x00000000c0000000,0x00000000c54c78d8,0x00000000c5a00000)
 Metaspace       used 67885K, committed 69184K, reserved 1114112K
  class space    used 7211K, committed 7808K, reserved 1048576K
}
Event: 365.655 GC heap after
{Heap after GC invocations=50 (full 3):
 PSYoungGen      total 18944K, used 400K [0x00000000eab00000, 0x00000000ebf80000, 0x0000000100000000)
  eden space 18432K, 0% used [0x00000000eab00000,0x00000000eab00000,0x00000000ebd00000)
  from space 512K, 78% used [0x00000000ebe80000,0x00000000ebee4010,0x00000000ebf00000)
  to   space 512K, 0% used [0x00000000ebf00000,0x00000000ebf00000,0x00000000ebf80000)
 ParOldGen       total 92160K, used 86862K [0x00000000c0000000, 0x00000000c5a00000, 0x00000000eab00000)
  object space 92160K, 94% used [0x00000000c0000000,0x00000000c54d38d8,0x00000000c5a00000)
 Metaspace       used 67885K, committed 69184K, reserved 1114112K
  class space    used 7211K, committed 7808K, reserved 1048576K
}
Event: 382.282 GC heap before
{Heap before GC invocations=51 (full 3):
 PSYoungGen      total 18944K, used 13986K [0x00000000eab00000, 0x00000000ebf80000, 0x0000000100000000)
  eden space 18432K, 73% used [0x00000000eab00000,0x00000000eb844ba8,0x00000000ebd00000)
  from space 512K, 78% used [0x00000000ebe80000,0x00000000ebee4010,0x00000000ebf00000)
  to   space 512K, 0% used [0x00000000ebf00000,0x00000000ebf00000,0x00000000ebf80000)
 ParOldGen       total 115712K, used 109902K [0x00000000c0000000, 0x00000000c7100000, 0x00000000eab00000)
  object space 115712K, 94% used [0x00000000c0000000,0x00000000c6b538f8,0x00000000c7100000)
 Metaspace       used 67942K, committed 69184K, reserved 1114112K
  class space    used 7212K, committed 7808K, reserved 1048576K
}
Event: 382.282 GC heap after
{Heap after GC invocations=51 (full 3):
 PSYoungGen      total 18944K, used 368K [0x00000000eab00000, 0x00000000ebf80000, 0x0000000100000000)
  eden space 18432K, 0% used [0x00000000eab00000,0x00000000eab00000,0x00000000ebd00000)
  from space 512K, 71% used [0x00000000ebf00000,0x00000000ebf5c010,0x00000000ebf80000)
  to   space 512K, 0% used [0x00000000ebe80000,0x00000000ebe80000,0x00000000ebf00000)
 ParOldGen       total 115712K, used 110038K [0x00000000c0000000, 0x00000000c7100000, 0x00000000eab00000)
  object space 115712K, 95% used [0x00000000c0000000,0x00000000c6b758f8,0x00000000c7100000)
 Metaspace       used 67942K, committed 69184K, reserved 1114112K
  class space    used 7212K, committed 7808K, reserved 1048576K
}
Event: 1161.033 GC heap before
{Heap before GC invocations=52 (full 3):
 PSYoungGen      total 18944K, used 16033K [0x00000000eab00000, 0x00000000ebf80000, 0x0000000100000000)
  eden space 18432K, 84% used [0x00000000eab00000,0x00000000eba4c798,0x00000000ebd00000)
  from space 512K, 71% used [0x00000000ebf00000,0x00000000ebf5c010,0x00000000ebf80000)
  to   space 512K, 0% used [0x00000000ebe80000,0x00000000ebe80000,0x00000000ebf00000)
 ParOldGen       total 139264K, used 133078K [0x00000000c0000000, 0x00000000c8800000, 0x00000000eab00000)
  object space 139264K, 95% used [0x00000000c0000000,0x00000000c81f5918,0x00000000c8800000)
 Metaspace       used 68029K, committed 69312K, reserved 1114112K
  class space    used 7213K, committed 7808K, reserved 1048576K
}
Event: 1161.034 GC heap after
{Heap after GC invocations=52 (full 3):
 PSYoungGen      total 18944K, used 352K [0x00000000eab00000, 0x00000000ebf80000, 0x0000000100000000)
  eden space 18432K, 0% used [0x00000000eab00000,0x00000000eab00000,0x00000000ebd00000)
  from space 512K, 68% used [0x00000000ebe80000,0x00000000ebed8000,0x00000000ebf00000)
  to   space 512K, 0% used [0x00000000ebf00000,0x00000000ebf00000,0x00000000ebf80000)
 ParOldGen       total 139264K, used 133118K [0x00000000c0000000, 0x00000000c8800000, 0x00000000eab00000)
  object space 139264K, 95% used [0x00000000c0000000,0x00000000c81ff918,0x00000000c8800000)
 Metaspace       used 68029K, committed 69312K, reserved 1114112K
  class space    used 7213K, committed 7808K, reserved 1048576K
}
Event: 1313.757 GC heap before
{Heap before GC invocations=53 (full 3):
 PSYoungGen      total 18944K, used 18784K [0x00000000eab00000, 0x00000000ebf80000, 0x0000000100000000)
  eden space 18432K, 100% used [0x00000000eab00000,0x00000000ebd00000,0x00000000ebd00000)
  from space 512K, 68% used [0x00000000ebe80000,0x00000000ebed8000,0x00000000ebf00000)
  to   space 512K, 0% used [0x00000000ebf00000,0x00000000ebf00000,0x00000000ebf80000)
 ParOldGen       total 162816K, used 156158K [0x00000000c0000000, 0x00000000c9f00000, 0x00000000eab00000)
  object space 162816K, 95% used [0x00000000c0000000,0x00000000c987f938,0x00000000c9f00000)
 Metaspace       used 68113K, committed 69376K, reserved 1114112K
  class space    used 7222K, committed 7808K, reserved 1048576K
}
Event: 1313.760 GC heap after
{Heap after GC invocations=53 (full 3):
 PSYoungGen      total 15360K, used 502K [0x00000000eab00000, 0x00000000ec800000, 0x0000000100000000)
  eden space 14848K, 0% used [0x00000000eab00000,0x00000000eab00000,0x00000000eb980000)
  from space 512K, 98% used [0x00000000ebf00000,0x00000000ebf7d938,0x00000000ebf80000)
  to   space 5632K, 0% used [0x00000000eb980000,0x00000000eb980000,0x00000000ebf00000)
 ParOldGen       total 162816K, used 160346K [0x00000000c0000000, 0x00000000c9f00000, 0x00000000eab00000)
  object space 162816K, 98% used [0x00000000c0000000,0x00000000c9c96a78,0x00000000c9f00000)
 Metaspace       used 68113K, committed 69376K, reserved 1114112K
  class space    used 7222K, committed 7808K, reserved 1048576K
}
Event: 1313.760 GC heap before
{Heap before GC invocations=54 (full 4):
 PSYoungGen      total 15360K, used 502K [0x00000000eab00000, 0x00000000ec800000, 0x0000000100000000)
  eden space 14848K, 0% used [0x00000000eab00000,0x00000000eab00000,0x00000000eb980000)
  from space 512K, 98% used [0x00000000ebf00000,0x00000000ebf7d938,0x00000000ebf80000)
  to   space 5632K, 0% used [0x00000000eb980000,0x00000000eb980000,0x00000000ebf00000)
 ParOldGen       total 162816K, used 160346K [0x00000000c0000000, 0x00000000c9f00000, 0x00000000eab00000)
  object space 162816K, 98% used [0x00000000c0000000,0x00000000c9c96a78,0x00000000c9f00000)
 Metaspace       used 68113K, committed 69376K, reserved 1114112K
  class space    used 7222K, committed 7808K, reserved 1048576K
}
Event: 1313.831 GC heap after
{Heap after GC invocations=54 (full 4):
 PSYoungGen      total 20480K, used 0K [0x00000000eab00000, 0x00000000ec480000, 0x0000000100000000)
  eden space 14848K, 0% used [0x00000000eab00000,0x00000000eab00000,0x00000000eb980000)
  from space 5632K, 0% used [0x00000000eb980000,0x00000000eb980000,0x00000000ebf00000)
  to   space 5632K, 0% used [0x00000000ebf00000,0x00000000ebf00000,0x00000000ec480000)
 ParOldGen       total 85504K, used 55460K [0x00000000c0000000, 0x00000000c5380000, 0x00000000eab00000)
  object space 85504K, 64% used [0x00000000c0000000,0x00000000c3629178,0x00000000c5380000)
 Metaspace       used 67888K, committed 69376K, reserved 1114112K
  class space    used 7165K, committed 7808K, reserved 1048576K
}
Event: 1314.519 GC heap before
{Heap before GC invocations=55 (full 4):
 PSYoungGen      total 20480K, used 14848K [0x00000000eab00000, 0x00000000ec480000, 0x0000000100000000)
  eden space 14848K, 100% used [0x00000000eab00000,0x00000000eb980000,0x00000000eb980000)
  from space 5632K, 0% used [0x00000000eb980000,0x00000000eb980000,0x00000000ebf00000)
  to   space 5632K, 0% used [0x00000000ebf00000,0x00000000ebf00000,0x00000000ec480000)
 ParOldGen       total 85504K, used 55460K [0x00000000c0000000, 0x00000000c5380000, 0x00000000eab00000)
  object space 85504K, 64% used [0x00000000c0000000,0x00000000c3629178,0x00000000c5380000)
 Metaspace       used 69126K, committed 70272K, reserved 1114112K
  class space    used 7322K, committed 7808K, reserved 1048576K
}
Event: 1314.520 GC heap after
{Heap after GC invocations=55 (full 4):
 PSYoungGen      total 15360K, used 465K [0x00000000eab00000, 0x00000000ebf80000, 0x0000000100000000)
  eden space 14848K, 0% used [0x00000000eab00000,0x00000000eab00000,0x00000000eb980000)
  from space 512K, 90% used [0x00000000ebf00000,0x00000000ebf74460,0x00000000ebf80000)
  to   space 2048K, 0% used [0x00000000ebb80000,0x00000000ebb80000,0x00000000ebd80000)
 ParOldGen       total 85504K, used 55468K [0x00000000c0000000, 0x00000000c5380000, 0x00000000eab00000)
  object space 85504K, 64% used [0x00000000c0000000,0x00000000c362b178,0x00000000c5380000)
 Metaspace       used 69126K, committed 70272K, reserved 1114112K
  class space    used 7322K, committed 7808K, reserved 1048576K
}
Event: 1314.687 GC heap before
{Heap before GC invocations=56 (full 4):
 PSYoungGen      total 15360K, used 15313K [0x00000000eab00000, 0x00000000ebf80000, 0x0000000100000000)
  eden space 14848K, 100% used [0x00000000eab00000,0x00000000eb980000,0x00000000eb980000)
  from space 512K, 90% used [0x00000000ebf00000,0x00000000ebf74460,0x00000000ebf80000)
  to   space 2048K, 0% used [0x00000000ebb80000,0x00000000ebb80000,0x00000000ebd80000)
 ParOldGen       total 85504K, used 55468K [0x00000000c0000000, 0x00000000c5380000, 0x00000000eab00000)
  object space 85504K, 64% used [0x00000000c0000000,0x00000000c362b178,0x00000000c5380000)
 Metaspace       used 71030K, committed 72192K, reserved 1114112K
  class space    used 7633K, committed 8192K, reserved 1048576K
}
Event: 1314.688 GC heap after
{Heap after GC invocations=56 (full 4):
 PSYoungGen      total 16896K, used 544K [0x00000000eab00000, 0x00000000ebf80000, 0x0000000100000000)
  eden space 14848K, 0% used [0x00000000eab00000,0x00000000eab00000,0x00000000eb980000)
  from space 2048K, 26% used [0x00000000ebb80000,0x00000000ebc08020,0x00000000ebd80000)
  to   space 1024K, 0% used [0x00000000ebe80000,0x00000000ebe80000,0x00000000ebf80000)
 ParOldGen       total 85504K, used 55882K [0x00000000c0000000, 0x00000000c5380000, 0x00000000eab00000)
  object space 85504K, 65% used [0x00000000c0000000,0x00000000c3692bd0,0x00000000c5380000)
 Metaspace       used 71030K, committed 72192K, reserved 1114112K
  class space    used 7633K, committed 8192K, reserved 1048576K
}

