# JRE version: OpenJDK Runtime Environment Temurin-17.0.7+7 (17.0.7+7) (build 17.0.7+7)
# Java VM: OpenJDK 64-Bit Server VM Temurin-17.0.7+7 (17.0.7+7, mixed mode, emulated-client, tiered, compressed oops, compressed class ptrs, g1 gc, windows-amd64)
GC Precious Log:
 CPUs: 8 total, 8 available
 Memory: 7844M
 Large Page Support: Disabled
 NUMA Support: Disabled
 Compressed Oops: Enabled (32-bit)
 Heap Region Size: 1M
 Heap Min Capacity: 8M
 Heap Initial Capacity: 124M
 Heap Max Capacity: 1G
 Pre-touch: Disabled
 Parallel Workers: 8
 Concurrent Workers: 2
 Concurrent Refinement Workers: 8
 Periodic GC: Disabled
Heap:
 garbage-first heap   total 347136K, used 120904K [0x00000000c0000000, 0x0000000100000000)
  region size 1024K, 16 young (16384K), 16 survivors (16384K)
 Metaspace       used 49274K, committed 49728K, reserved 1114112K
  class space    used 6213K, committed 6400K, reserved 1048576K
GC Heap History (20 events):
Event: 3.865 GC heap after
{Heap after GC invocations=13 (full 0):
 garbage-first heap   total 163840K, used 36100K [0x00000000c0000000, 0x0000000100000000)
  region size 1024K, 4 young (4096K), 4 survivors (4096K)
 Metaspace       used 39036K, committed 39488K, reserved 1114112K
  class space    used 5130K, committed 5312K, reserved 1048576K
}
Event: 4.024 GC heap before
{Heap before GC invocations=13 (full 0):
 garbage-first heap   total 163840K, used 108804K [0x00000000c0000000, 0x0000000100000000)
  region size 1024K, 76 young (77824K), 4 survivors (4096K)
 Metaspace       used 40188K, committed 40640K, reserved 1114112K
  class space    used 5247K, committed 5440K, reserved 1048576K
}
Event: 4.039 GC heap after
{Heap after GC invocations=14 (full 0):
 garbage-first heap   total 163840K, used 53155K [0x00000000c0000000, 0x0000000100000000)
  region size 1024K, 10 young (10240K), 10 survivors (10240K)
 Metaspace       used 40188K, committed 40640K, reserved 1114112K
  class space    used 5247K, committed 5440K, reserved 1048576K
}
Event: 4.255 GC heap before
{Heap before GC invocations=14 (full 0):
 garbage-first heap   total 163840K, used 111523K [0x00000000c0000000, 0x0000000100000000)
  region size 1024K, 67 young (68608K), 10 survivors (10240K)
 Metaspace       used 42346K, committed 42816K, reserved 1114112K
  class space    used 5428K, committed 5632K, reserved 1048576K
}
Event: 4.270 GC heap after
{Heap after GC invocations=15 (full 0):
 garbage-first heap   total 163840K, used 66369K [0x00000000c0000000, 0x0000000100000000)
  region size 1024K, 9 young (9216K), 9 survivors (9216K)
 Metaspace       used 42346K, committed 42816K, reserved 1114112K
  class space    used 5428K, committed 5632K, reserved 1048576K
}
Event: 4.357 GC heap before
{Heap before GC invocations=15 (full 0):
 garbage-first heap   total 163840K, used 116545K [0x00000000c0000000, 0x0000000100000000)
  region size 1024K, 58 young (59392K), 9 survivors (9216K)
 Metaspace       used 43477K, committed 43968K, reserved 1114112K
  class space    used 5499K, committed 5696K, reserved 1048576K
}
Event: 4.395 GC heap after
{Heap after GC invocations=16 (full 0):
 garbage-first heap   total 163840K, used 86854K [0x00000000c0000000, 0x0000000100000000)
  region size 1024K, 8 young (8192K), 8 survivors (8192K)
 Metaspace       used 43477K, committed 43968K, reserved 1114112K
  class space    used 5499K, committed 5696K, reserved 1048576K
}
Event: 4.413 GC heap before
{Heap before GC invocations=16 (full 0):
 garbage-first heap   total 163840K, used 118598K [0x00000000c0000000, 0x0000000100000000)
  region size 1024K, 40 young (40960K), 8 survivors (8192K)
 Metaspace       used 43510K, committed 43968K, reserved 1114112K
  class space    used 5508K, committed 5696K, reserved 1048576K
}
Event: 4.421 GC heap after
{Heap after GC invocations=17 (full 0):
 garbage-first heap   total 327680K, used 89227K [0x00000000c0000000, 0x0000000100000000)
  region size 1024K, 3 young (3072K), 3 survivors (3072K)
 Metaspace       used 43510K, committed 43968K, reserved 1114112K
  class space    used 5508K, committed 5696K, reserved 1048576K
}
Event: 4.556 GC heap before
{Heap before GC invocations=17 (full 0):
 garbage-first heap   total 347136K, used 220299K [0x00000000c0000000, 0x0000000100000000)
  region size 1024K, 134 young (137216K), 3 survivors (3072K)
 Metaspace       used 44343K, committed 44736K, reserved 1114112K
  class space    used 5585K, committed 5760K, reserved 1048576K
}
Event: 4.562 GC heap after
{Heap after GC invocations=18 (full 0):
 garbage-first heap   total 347136K, used 91863K [0x00000000c0000000, 0x0000000100000000)
  region size 1024K, 7 young (7168K), 7 survivors (7168K)
 Metaspace       used 44343K, committed 44736K, reserved 1114112K
  class space    used 5585K, committed 5760K, reserved 1048576K
}
Event: 4.662 GC heap before
{Heap before GC invocations=19 (full 0):
 garbage-first heap   total 347136K, used 259799K [0x00000000c0000000, 0x0000000100000000)
  region size 1024K, 172 young (176128K), 7 survivors (7168K)
 Metaspace       used 45411K, committed 45824K, reserved 1114112K
  class space    used 5705K, committed 5888K, reserved 1048576K
}
Event: 4.674 GC heap after
{Heap after GC invocations=20 (full 0):
 garbage-first heap   total 347136K, used 98425K [0x00000000c0000000, 0x0000000100000000)
  region size 1024K, 14 young (14336K), 14 survivors (14336K)
 Metaspace       used 45411K, committed 45824K, reserved 1114112K
  class space    used 5705K, committed 5888K, reserved 1048576K
}
Event: 4.676 GC heap before
{Heap before GC invocations=20 (full 0):
 garbage-first heap   total 347136K, used 99449K [0x00000000c0000000, 0x0000000100000000)
  region size 1024K, 16 young (16384K), 14 survivors (14336K)
 Metaspace       used 45421K, committed 45824K, reserved 1114112K
  class space    used 5707K, committed 5888K, reserved 1048576K
}
Event: 4.682 GC heap after
{Heap after GC invocations=21 (full 0):
 garbage-first heap   total 347136K, used 99286K [0x00000000c0000000, 0x0000000100000000)
  region size 1024K, 2 young (2048K), 2 survivors (2048K)
 Metaspace       used 45421K, committed 45824K, reserved 1114112K
  class space    used 5707K, committed 5888K, reserved 1048576K
}
Event: 4.791 GC heap before
{Heap before GC invocations=21 (full 0):
 garbage-first heap   total 347136K, used 268246K [0x00000000c0000000, 0x0000000100000000)
  region size 1024K, 168 young (172032K), 2 survivors (2048K)
 Metaspace       used 46692K, committed 47168K, reserved 1114112K
  class space    used 5865K, committed 6080K, reserved 1048576K
}
Event: 4.796 GC heap after
{Heap after GC invocations=22 (full 0):
 garbage-first heap   total 347136K, used 104833K [0x00000000c0000000, 0x0000000100000000)
  region size 1024K, 8 young (8192K), 8 survivors (8192K)
 Metaspace       used 46692K, committed 47168K, reserved 1114112K
  class space    used 5865K, committed 6080K, reserved 1048576K
}
Event: 4.904 GC heap before
{Heap before GC invocations=22 (full 0):
 garbage-first heap   total 347136K, used 273793K [0x00000000c0000000, 0x0000000100000000)
  region size 1024K, 174 young (178176K), 8 survivors (8192K)
 Metaspace       used 47650K, committed 48064K, reserved 1114112K
  class space    used 5999K, committed 6208K, reserved 1048576K
}
Event: 4.913 GC heap after
{Heap after GC invocations=23 (full 0):
 garbage-first heap   total 347136K, used 112892K [0x00000000c0000000, 0x0000000100000000)
  region size 1024K, 16 young (16384K), 16 survivors (16384K)
 Metaspace       used 47650K, committed 48064K, reserved 1114112K
  class space    used 5999K, committed 6208K, reserved 1048576K
}
Event: 4.995 GC heap before
{Heap before GC invocations=23 (full 0):
 garbage-first heap   total 347136K, used 278780K [0x00000000c0000000, 0x0000000100000000)
  region size 1024K, 179 young (183296K), 16 survivors (16384K)
 Metaspace       used 49274K, committed 49728K, reserved 1114112K
  class space    used 6213K, committed 6400K, reserved 1048576K
}

