# JRE version: OpenJDK Runtime Environment Temurin-17.0.7+7 (17.0.7+7) (build 17.0.7+7)
# Java VM: OpenJDK 64-Bit Server VM Temurin-17.0.7+7 (17.0.7+7, mixed mode, emulated-client, tiered, compressed oops, compressed class ptrs, g1 gc, windows-amd64)
GC Precious Log:
 CPUs: 8 total, 8 available
 Memory: 7844M
 Large Page Support: Disabled
 NUMA Support: Disabled
 Compressed Oops: Enabled (32-bit)
 Heap Region Size: 1M
 Heap Min Capacity: 8M
 Heap Initial Capacity: 124M
 Heap Max Capacity: 1G
 Pre-touch: Disabled
 Parallel Workers: 8
 Concurrent Workers: 2
 Concurrent Refinement Workers: 8
 Periodic GC: Disabled
Heap:
 garbage-first heap   total 250880K, used 92064K [0x00000000c0000000, 0x0000000100000000)
  region size 1024K, 11 young (11264K), 11 survivors (11264K)
 Metaspace       used 39245K, committed 39616K, reserved 1114112K
  class space    used 5158K, committed 5312K, reserved 1048576K
GC Heap History (20 events):
Event: 3.173 GC heap after
{Heap after GC invocations=12 (full 0):
 garbage-first heap   total 70656K, used 35941K [0x00000000c0000000, 0x0000000100000000)
  region size 1024K, 3 young (3072K), 3 survivors (3072K)
 Metaspace       used 38955K, committed 39424K, reserved 1114112K
  class space    used 5117K, committed 5312K, reserved 1048576K
}
Event: 3.221 GC heap before
{Heap before GC invocations=12 (full 0):
 garbage-first heap   total 70656K, used 53349K [0x00000000c0000000, 0x0000000100000000)
  region size 1024K, 20 young (20480K), 3 survivors (3072K)
 Metaspace       used 39041K, committed 39424K, reserved 1114112K
  class space    used 5133K, committed 5312K, reserved 1048576K
}
Event: 3.225 GC heap after
{Heap after GC invocations=13 (full 0):
 garbage-first heap   total 105472K, used 39484K [0x00000000c0000000, 0x0000000100000000)
  region size 1024K, 3 young (3072K), 3 survivors (3072K)
 Metaspace       used 39041K, committed 39424K, reserved 1114112K
  class space    used 5133K, committed 5312K, reserved 1048576K
}
Event: 3.323 GC heap before
{Heap before GC invocations=14 (full 0):
 garbage-first heap   total 105472K, used 75324K [0x00000000c0000000, 0x0000000100000000)
  region size 1024K, 38 young (38912K), 3 survivors (3072K)
 Metaspace       used 39044K, committed 39424K, reserved 1114112K
  class space    used 5134K, committed 5312K, reserved 1048576K
}
Event: 3.330 GC heap after
{Heap after GC invocations=15 (full 0):
 garbage-first heap   total 105472K, used 46353K [0x00000000c0000000, 0x0000000100000000)
  region size 1024K, 5 young (5120K), 5 survivors (5120K)
 Metaspace       used 39044K, committed 39424K, reserved 1114112K
  class space    used 5134K, committed 5312K, reserved 1048576K
}
Event: 3.379 GC heap before
{Heap before GC invocations=15 (full 0):
 garbage-first heap   total 105472K, used 77073K [0x00000000c0000000, 0x0000000100000000)
  region size 1024K, 35 young (35840K), 5 survivors (5120K)
 Metaspace       used 39044K, committed 39424K, reserved 1114112K
  class space    used 5134K, committed 5312K, reserved 1048576K
}
Event: 3.388 GC heap after
{Heap after GC invocations=16 (full 0):
 garbage-first heap   total 105472K, used 55944K [0x00000000c0000000, 0x0000000100000000)
  region size 1024K, 5 young (5120K), 5 survivors (5120K)
 Metaspace       used 39044K, committed 39424K, reserved 1114112K
  class space    used 5134K, committed 5312K, reserved 1048576K
}
Event: 3.551 GC heap before
{Heap before GC invocations=16 (full 0):
 garbage-first heap   total 105472K, used 72328K [0x00000000c0000000, 0x0000000100000000)
  region size 1024K, 23 young (23552K), 5 survivors (5120K)
 Metaspace       used 39044K, committed 39424K, reserved 1114112K
  class space    used 5134K, committed 5312K, reserved 1048576K
}
Event: 3.558 GC heap after
{Heap after GC invocations=17 (full 0):
 garbage-first heap   total 105472K, used 61298K [0x00000000c0000000, 0x0000000100000000)
  region size 1024K, 4 young (4096K), 4 survivors (4096K)
 Metaspace       used 39044K, committed 39424K, reserved 1114112K
  class space    used 5134K, committed 5312K, reserved 1048576K
}
Event: 3.619 GC heap before
{Heap before GC invocations=17 (full 0):
 garbage-first heap   total 132096K, used 80754K [0x00000000c0000000, 0x0000000100000000)
  region size 1024K, 22 young (22528K), 4 survivors (4096K)
 Metaspace       used 39045K, committed 39424K, reserved 1114112K
  class space    used 5134K, committed 5312K, reserved 1048576K
}
Event: 3.628 GC heap after
{Heap after GC invocations=18 (full 0):
 garbage-first heap   total 132096K, used 72960K [0x00000000c0000000, 0x0000000100000000)
  region size 1024K, 3 young (3072K), 3 survivors (3072K)
 Metaspace       used 39045K, committed 39424K, reserved 1114112K
  class space    used 5134K, committed 5312K, reserved 1048576K
}
Event: 3.673 GC heap before
{Heap before GC invocations=19 (full 0):
 garbage-first heap   total 132096K, used 95488K [0x00000000c0000000, 0x0000000100000000)
  region size 1024K, 26 young (26624K), 3 survivors (3072K)
 Metaspace       used 39134K, committed 39552K, reserved 1114112K
  class space    used 5144K, committed 5312K, reserved 1048576K
}
Event: 3.693 GC heap after
{Heap after GC invocations=20 (full 0):
 garbage-first heap   total 250880K, used 80408K [0x00000000c0000000, 0x0000000100000000)
  region size 1024K, 4 young (4096K), 4 survivors (4096K)
 Metaspace       used 39134K, committed 39552K, reserved 1114112K
  class space    used 5144K, committed 5312K, reserved 1048576K
}
Event: 3.703 GC heap before
{Heap before GC invocations=20 (full 0):
 garbage-first heap   total 250880K, used 87576K [0x00000000c0000000, 0x0000000100000000)
  region size 1024K, 12 young (12288K), 4 survivors (4096K)
 Metaspace       used 39134K, committed 39552K, reserved 1114112K
  class space    used 5144K, committed 5312K, reserved 1048576K
}
Event: 3.706 GC heap after
{Heap after GC invocations=21 (full 0):
 garbage-first heap   total 250880K, used 81354K [0x00000000c0000000, 0x0000000100000000)
  region size 1024K, 1 young (1024K), 1 survivors (1024K)
 Metaspace       used 39134K, committed 39552K, reserved 1114112K
  class space    used 5144K, committed 5312K, reserved 1048576K
}
Event: 3.744 GC heap before
{Heap before GC invocations=21 (full 0):
 garbage-first heap   total 250880K, used 155082K [0x00000000c0000000, 0x0000000100000000)
  region size 1024K, 74 young (75776K), 1 survivors (1024K)
 Metaspace       used 39245K, committed 39616K, reserved 1114112K
  class space    used 5158K, committed 5312K, reserved 1048576K
}
Event: 3.747 GC heap after
{Heap after GC invocations=22 (full 0):
 garbage-first heap   total 250880K, used 83904K [0x00000000c0000000, 0x0000000100000000)
  region size 1024K, 4 young (4096K), 4 survivors (4096K)
 Metaspace       used 39245K, committed 39616K, reserved 1114112K
  class space    used 5158K, committed 5312K, reserved 1048576K
}
Event: 3.786 GC heap before
{Heap before GC invocations=22 (full 0):
 garbage-first heap   total 250880K, used 186304K [0x00000000c0000000, 0x0000000100000000)
  region size 1024K, 105 young (107520K), 4 survivors (4096K)
 Metaspace       used 39245K, committed 39616K, reserved 1114112K
  class space    used 5158K, committed 5312K, reserved 1048576K
}
Event: 3.791 GC heap after
{Heap after GC invocations=23 (full 0):
 garbage-first heap   total 250880K, used 87947K [0x00000000c0000000, 0x0000000100000000)
  region size 1024K, 8 young (8192K), 8 survivors (8192K)
 Metaspace       used 39245K, committed 39616K, reserved 1114112K
  class space    used 5158K, committed 5312K, reserved 1048576K
}
Event: 3.821 GC heap before
{Heap before GC invocations=23 (full 0):
 garbage-first heap   total 250880K, used 190347K [0x00000000c0000000, 0x0000000100000000)
  region size 1024K, 109 young (111616K), 8 survivors (8192K)
 Metaspace       used 39245K, committed 39616K, reserved 1114112K
  class space    used 5158K, committed 5312K, reserved 1048576K
}

