# JRE version: OpenJDK Runtime Environment Temurin-17.0.7+7 (17.0.7+7) (build 17.0.7+7)
# Java VM: OpenJDK 64-Bit Server VM Temurin-17.0.7+7 (17.0.7+7, mixed mode, emulated-client, tiered, compressed oops, compressed class ptrs, g1 gc, windows-amd64)
GC Precious Log:
 CPUs: 8 total, 8 available
 Memory: 7844M
 Large Page Support: Disabled
 NUMA Support: Disabled
 Compressed Oops: Enabled (32-bit)
 Heap Region Size: 1M
 Heap Min Capacity: 8M
 Heap Initial Capacity: 124M
 Heap Max Capacity: 1G
 Pre-touch: Disabled
 Parallel Workers: 8
 Concurrent Workers: 2
 Concurrent Refinement Workers: 8
 Periodic GC: Disabled
Heap:
 garbage-first heap   total 462848K, used 208380K [0x00000000c0000000, 0x0000000100000000)
  region size 1024K, 9 young (9216K), 9 survivors (9216K)
 Metaspace       used 63226K, committed 63744K, reserved 1114112K
  class space    used 8076K, committed 8320K, reserved 1048576K
GC Heap History (20 events):
Event: 5.452 GC heap after
{Heap after GC invocations=21 (full 0):
 garbage-first heap   total 462848K, used 126510K [0x00000000c0000000, 0x0000000100000000)
  region size 1024K, 25 young (25600K), 25 survivors (25600K)
 Metaspace       used 51519K, committed 52032K, reserved 1114112K
  class space    used 6507K, committed 6720K, reserved 1048576K
}
Event: 5.643 GC heap before
{Heap before GC invocations=21 (full 0):
 garbage-first heap   total 462848K, used 369198K [0x00000000c0000000, 0x0000000100000000)
  region size 1024K, 263 young (269312K), 25 survivors (25600K)
 Metaspace       used 53526K, committed 53952K, reserved 1114112K
  class space    used 6786K, committed 6976K, reserved 1048576K
}
Event: 5.660 GC heap after
{Heap after GC invocations=22 (full 0):
 garbage-first heap   total 462848K, used 136930K [0x00000000c0000000, 0x0000000100000000)
  region size 1024K, 22 young (22528K), 22 survivors (22528K)
 Metaspace       used 53526K, committed 53952K, reserved 1114112K
  class space    used 6786K, committed 6976K, reserved 1048576K
}
Event: 6.002 GC heap before
{Heap before GC invocations=22 (full 0):
 garbage-first heap   total 462848K, used 374498K [0x00000000c0000000, 0x0000000100000000)
  region size 1024K, 255 young (261120K), 22 survivors (22528K)
 Metaspace       used 57600K, committed 58112K, reserved 1114112K
  class space    used 7309K, committed 7552K, reserved 1048576K
}
Event: 6.018 GC heap after
{Heap after GC invocations=23 (full 0):
 garbage-first heap   total 462848K, used 149737K [0x00000000c0000000, 0x0000000100000000)
  region size 1024K, 23 young (23552K), 23 survivors (23552K)
 Metaspace       used 57600K, committed 58112K, reserved 1114112K
  class space    used 7309K, committed 7552K, reserved 1048576K
}
Event: 6.432 GC heap before
{Heap before GC invocations=23 (full 0):
 garbage-first heap   total 462848K, used 379113K [0x00000000c0000000, 0x0000000100000000)
  region size 1024K, 248 young (253952K), 23 survivors (23552K)
 Metaspace       used 58983K, committed 59456K, reserved 1114112K
  class space    used 7497K, committed 7680K, reserved 1048576K
}
Event: 6.451 GC heap after
{Heap after GC invocations=24 (full 0):
 garbage-first heap   total 462848K, used 165113K [0x00000000c0000000, 0x0000000100000000)
  region size 1024K, 28 young (28672K), 28 survivors (28672K)
 Metaspace       used 58983K, committed 59456K, reserved 1114112K
  class space    used 7497K, committed 7680K, reserved 1048576K
}
Event: 6.545 GC heap before
{Heap before GC invocations=24 (full 0):
 garbage-first heap   total 462848K, used 174329K [0x00000000c0000000, 0x0000000100000000)
  region size 1024K, 39 young (39936K), 28 survivors (28672K)
 Metaspace       used 59789K, committed 60288K, reserved 1114112K
  class space    used 7588K, committed 7872K, reserved 1048576K
}
Event: 6.558 GC heap after
{Heap after GC invocations=25 (full 0):
 garbage-first heap   total 462848K, used 168636K [0x00000000c0000000, 0x0000000100000000)
  region size 1024K, 4 young (4096K), 4 survivors (4096K)
 Metaspace       used 59789K, committed 60288K, reserved 1114112K
  class space    used 7588K, committed 7872K, reserved 1048576K
}
Event: 7.344 GC heap before
{Heap before GC invocations=26 (full 0):
 garbage-first heap   total 462848K, used 375484K [0x00000000c0000000, 0x0000000100000000)
  region size 1024K, 209 young (214016K), 4 survivors (4096K)
 Metaspace       used 60951K, committed 61440K, reserved 1114112K
  class space    used 7757K, committed 8000K, reserved 1048576K
}
Event: 7.352 GC heap after
{Heap after GC invocations=27 (full 0):
 garbage-first heap   total 462848K, used 175647K [0x00000000c0000000, 0x0000000100000000)
  region size 1024K, 13 young (13312K), 13 survivors (13312K)
 Metaspace       used 60951K, committed 61440K, reserved 1114112K
  class space    used 7757K, committed 8000K, reserved 1048576K
}
Event: 7.370 GC heap before
{Heap before GC invocations=27 (full 0):
 garbage-first heap   total 462848K, used 183839K [0x00000000c0000000, 0x0000000100000000)
  region size 1024K, 22 young (22528K), 13 survivors (13312K)
 Metaspace       used 60951K, committed 61440K, reserved 1114112K
  class space    used 7757K, committed 8000K, reserved 1048576K
}
Event: 7.379 GC heap after
{Heap after GC invocations=28 (full 0):
 garbage-first heap   total 462848K, used 175104K [0x00000000c0000000, 0x0000000100000000)
  region size 1024K, 2 young (2048K), 2 survivors (2048K)
 Metaspace       used 60951K, committed 61440K, reserved 1114112K
  class space    used 7757K, committed 8000K, reserved 1048576K
}
Event: 7.691 GC heap before
{Heap before GC invocations=28 (full 0):
 garbage-first heap   total 462848K, used 380928K [0x00000000c0000000, 0x0000000100000000)
  region size 1024K, 203 young (207872K), 2 survivors (2048K)
 Metaspace       used 61567K, committed 62016K, reserved 1114112K
  class space    used 7843K, committed 8064K, reserved 1048576K
}
Event: 7.698 GC heap after
{Heap after GC invocations=29 (full 0):
 garbage-first heap   total 462848K, used 188355K [0x00000000c0000000, 0x0000000100000000)
  region size 1024K, 14 young (14336K), 14 survivors (14336K)
 Metaspace       used 61567K, committed 62016K, reserved 1114112K
  class space    used 7843K, committed 8064K, reserved 1048576K
}
Event: 8.054 GC heap before
{Heap before GC invocations=30 (full 0):
 garbage-first heap   total 462848K, used 380867K [0x00000000c0000000, 0x0000000100000000)
  region size 1024K, 203 young (207872K), 14 survivors (14336K)
 Metaspace       used 61893K, committed 62400K, reserved 1114112K
  class space    used 7906K, committed 8128K, reserved 1048576K
}
Event: 8.070 GC heap after
{Heap after GC invocations=31 (full 0):
 garbage-first heap   total 462848K, used 202615K [0x00000000c0000000, 0x0000000100000000)
  region size 1024K, 14 young (14336K), 14 survivors (14336K)
 Metaspace       used 61893K, committed 62400K, reserved 1114112K
  class space    used 7906K, committed 8128K, reserved 1048576K
}
Event: 8.092 GC heap before
{Heap before GC invocations=31 (full 0):
 garbage-first heap   total 462848K, used 209783K [0x00000000c0000000, 0x0000000100000000)
  region size 1024K, 22 young (22528K), 14 survivors (14336K)
 Metaspace       used 61894K, committed 62400K, reserved 1114112K
  class space    used 7906K, committed 8128K, reserved 1048576K
}
Event: 8.109 GC heap after
{Heap after GC invocations=32 (full 0):
 garbage-first heap   total 462848K, used 201438K [0x00000000c0000000, 0x0000000100000000)
  region size 1024K, 2 young (2048K), 2 survivors (2048K)
 Metaspace       used 61894K, committed 62400K, reserved 1114112K
  class space    used 7906K, committed 8128K, reserved 1048576K
}
Event: 8.419 GC heap before
{Heap before GC invocations=32 (full 0):
 garbage-first heap   total 462848K, used 381662K [0x00000000c0000000, 0x0000000100000000)
  region size 1024K, 179 young (183296K), 2 survivors (2048K)
 Metaspace       used 63226K, committed 63744K, reserved 1114112K
  class space    used 8076K, committed 8320K, reserved 1048576K
}

