# JRE version: OpenJDK Runtime Environment Temurin-17.0.7+7 (17.0.7+7) (build 17.0.7+7)
# Java VM: OpenJDK 64-Bit Server VM Temurin-17.0.7+7 (17.0.7+7, mixed mode, emulated-client, tiered, compressed oops, compressed class ptrs, g1 gc, windows-amd64)
GC Precious Log:
 CPUs: 8 total, 8 available
 Memory: 7844M
 Large Page Support: Disabled
 NUMA Support: Disabled
 Compressed Oops: Enabled (32-bit)
 Heap Region Size: 1M
 Heap Min Capacity: 8M
 Heap Initial Capacity: 124M
 Heap Max Capacity: 1G
 Pre-touch: Disabled
 Parallel Workers: 8
 Concurrent Workers: 2
 Concurrent Refinement Workers: 8
 Periodic GC: Disabled
Heap:
 garbage-first heap   total 507904K, used 214945K [0x00000000c0000000, 0x0000000100000000)
  region size 1024K, 13 young (13312K), 13 survivors (13312K)
 Metaspace       used 55611K, committed 56064K, reserved 1114112K
  class space    used 7017K, committed 7232K, reserved 1048576K
GC Heap History (20 events):
Event: 11.824 GC heap after
{Heap after GC invocations=25 (full 0):
 garbage-first heap   total 507904K, used 106654K [0x00000000c0000000, 0x0000000100000000)
  region size 1024K, 12 young (12288K), 12 survivors (12288K)
 Metaspace       used 47531K, committed 48000K, reserved 1114112K
  class space    used 5985K, committed 6208K, reserved 1048576K
}
Event: 12.331 GC heap before
{Heap before GC invocations=25 (full 0):
 garbage-first heap   total 507904K, used 379038K [0x00000000c0000000, 0x0000000100000000)
  region size 1024K, 279 young (285696K), 12 survivors (12288K)
 Metaspace       used 49557K, committed 49984K, reserved 1114112K
  class space    used 6251K, committed 6464K, reserved 1048576K
}
Event: 12.346 GC heap after
{Heap after GC invocations=26 (full 0):
 garbage-first heap   total 507904K, used 117231K [0x00000000c0000000, 0x0000000100000000)
  region size 1024K, 22 young (22528K), 22 survivors (22528K)
 Metaspace       used 49557K, committed 49984K, reserved 1114112K
  class space    used 6251K, committed 6464K, reserved 1048576K
}
Event: 12.552 GC heap before
{Heap before GC invocations=26 (full 0):
 garbage-first heap   total 507904K, used 396783K [0x00000000c0000000, 0x0000000100000000)
  region size 1024K, 296 young (303104K), 22 survivors (22528K)
 Metaspace       used 50060K, committed 50496K, reserved 1114112K
  class space    used 6325K, committed 6528K, reserved 1048576K
}
Event: 12.570 GC heap after
{Heap after GC invocations=27 (full 0):
 garbage-first heap   total 507904K, used 129679K [0x00000000c0000000, 0x0000000100000000)
  region size 1024K, 30 young (30720K), 30 survivors (30720K)
 Metaspace       used 50060K, committed 50496K, reserved 1114112K
  class space    used 6325K, committed 6528K, reserved 1048576K
}
Event: 12.873 GC heap before
{Heap before GC invocations=27 (full 0):
 garbage-first heap   total 507904K, used 402063K [0x00000000c0000000, 0x0000000100000000)
  region size 1024K, 297 young (304128K), 30 survivors (30720K)
 Metaspace       used 52787K, committed 53312K, reserved 1114112K
  class space    used 6646K, committed 6912K, reserved 1048576K
}
Event: 12.891 GC heap after
{Heap after GC invocations=28 (full 0):
 garbage-first heap   total 507904K, used 141824K [0x00000000c0000000, 0x0000000100000000)
  region size 1024K, 25 young (25600K), 25 survivors (25600K)
 Metaspace       used 52787K, committed 53312K, reserved 1114112K
  class space    used 6646K, committed 6912K, reserved 1048576K
}
Event: 12.977 GC heap before
{Heap before GC invocations=28 (full 0):
 garbage-first heap   total 507904K, used 412160K [0x00000000c0000000, 0x0000000100000000)
  region size 1024K, 290 young (296960K), 25 survivors (25600K)
 Metaspace       used 53276K, committed 53696K, reserved 1114112K
  class space    used 6703K, committed 6912K, reserved 1048576K
}
Event: 12.991 GC heap after
{Heap after GC invocations=29 (full 0):
 garbage-first heap   total 507904K, used 160407K [0x00000000c0000000, 0x0000000100000000)
  region size 1024K, 30 young (30720K), 30 survivors (30720K)
 Metaspace       used 53276K, committed 53696K, reserved 1114112K
  class space    used 6703K, committed 6912K, reserved 1048576K
}
Event: 13.348 GC heap before
{Heap before GC invocations=29 (full 0):
 garbage-first heap   total 507904K, used 414359K [0x00000000c0000000, 0x0000000100000000)
  region size 1024K, 279 young (285696K), 30 survivors (30720K)
 Metaspace       used 54366K, committed 54784K, reserved 1114112K
  class space    used 6844K, committed 7040K, reserved 1048576K
}
Event: 13.367 GC heap after
{Heap after GC invocations=30 (full 0):
 garbage-first heap   total 507904K, used 174592K [0x00000000c0000000, 0x0000000100000000)
  region size 1024K, 32 young (32768K), 32 survivors (32768K)
 Metaspace       used 54366K, committed 54784K, reserved 1114112K
  class space    used 6844K, committed 7040K, reserved 1048576K
}
Event: 13.699 GC heap before
{Heap before GC invocations=30 (full 0):
 garbage-first heap   total 507904K, used 419328K [0x00000000c0000000, 0x0000000100000000)
  region size 1024K, 271 young (277504K), 32 survivors (32768K)
 Metaspace       used 55089K, committed 55552K, reserved 1114112K
  class space    used 6938K, committed 7168K, reserved 1048576K
}
Event: 13.723 GC heap after
{Heap after GC invocations=31 (full 0):
 garbage-first heap   total 507904K, used 188997K [0x00000000c0000000, 0x0000000100000000)
  region size 1024K, 27 young (27648K), 27 survivors (27648K)
 Metaspace       used 55089K, committed 55552K, reserved 1114112K
  class space    used 6938K, committed 7168K, reserved 1048576K
}
Event: 14.082 GC heap before
{Heap before GC invocations=31 (full 0):
 garbage-first heap   total 507904K, used 420421K [0x00000000c0000000, 0x0000000100000000)
  region size 1024K, 254 young (260096K), 27 survivors (27648K)
 Metaspace       used 55101K, committed 55552K, reserved 1114112K
  class space    used 6941K, committed 7168K, reserved 1048576K
}
Event: 14.102 GC heap after
{Heap after GC invocations=32 (full 0):
 garbage-first heap   total 507904K, used 201996K [0x00000000c0000000, 0x0000000100000000)
  region size 1024K, 26 young (26624K), 26 survivors (26624K)
 Metaspace       used 55101K, committed 55552K, reserved 1114112K
  class space    used 6941K, committed 7168K, reserved 1048576K
}
Event: 14.447 GC heap before
{Heap before GC invocations=32 (full 0):
 garbage-first heap   total 507904K, used 423180K [0x00000000c0000000, 0x0000000100000000)
  region size 1024K, 243 young (248832K), 26 survivors (26624K)
 Metaspace       used 55305K, committed 55808K, reserved 1114112K
  class space    used 6970K, committed 7232K, reserved 1048576K
}
Event: 14.463 GC heap after
{Heap after GC invocations=33 (full 0):
 garbage-first heap   total 507904K, used 210944K [0x00000000c0000000, 0x0000000100000000)
  region size 1024K, 22 young (22528K), 22 survivors (22528K)
 Metaspace       used 55305K, committed 55808K, reserved 1114112K
  class space    used 6970K, committed 7232K, reserved 1048576K
}
Event: 14.491 GC heap before
{Heap before GC invocations=33 (full 0):
 garbage-first heap   total 507904K, used 267264K [0x00000000c0000000, 0x0000000100000000)
  region size 1024K, 40 young (40960K), 22 survivors (22528K)
 Metaspace       used 55305K, committed 55808K, reserved 1114112K
  class space    used 6970K, committed 7232K, reserved 1048576K
}
Event: 14.505 GC heap after
{Heap after GC invocations=34 (full 0):
 garbage-first heap   total 507904K, used 212897K [0x00000000c0000000, 0x0000000100000000)
  region size 1024K, 11 young (11264K), 11 survivors (11264K)
 Metaspace       used 55305K, committed 55808K, reserved 1114112K
  class space    used 6970K, committed 7232K, reserved 1048576K
}
Event: 14.662 GC heap before
{Heap before GC invocations=34 (full 0):
 garbage-first heap   total 507904K, used 331681K [0x00000000c0000000, 0x0000000100000000)
  region size 1024K, 103 young (105472K), 11 survivors (11264K)
 Metaspace       used 55611K, committed 56064K, reserved 1114112K
  class space    used 7017K, committed 7232K, reserved 1048576K
}

